2025-09-10 18:54:31,122 WARNING database DDL Query made to DB:
create table "tabEmail Queue" (
			name varchar(140) primary key,
			creation timestamp(6),
			modified timestamp(6),
			modified_by varchar(140),
			owner varchar(140),
			docstatus smallint not null default '0',
			idx bigint not null default '0',
			"sender" varchar(140),
"show_as_cc" text,
"message" text,
"status" varchar(140) default 'Not Sent',
"error" text,
"message_id" text,
"reference_doctype" varchar(140),
"reference_name" varchar(140),
"communication" varchar(140),
"send_after" timestamp,
"priority" bigint not null default 1,
"add_unsubscribe_link" smallint not null default 1,
"unsubscribe_param" varchar(140),
"unsubscribe_method" varchar(140),
"expose_recipients" varchar(140),
"attachments" text,
"retry" bigint not null default 0,
"email_account" varchar(140),
"_user_tags" text,
"_comments" text,
"_assign" text,
"_liked_by" text
			)
2025-09-10 18:54:31,141 WARNING database DDL Query made to DB:
CREATE INDEX IF NOT EXISTS "reference_name" ON "tabEmail Queue"("reference_name");CREATE INDEX IF NOT EXISTS "communication" ON "tabEmail Queue"("communication");
2025-09-10 18:54:31,223 WARNING database DDL Query made to DB:
CREATE INDEX IF NOT EXISTS "index_bulk_flush" ON "tabEmail Queue" ("status", "send_after", "priority", "creation")
2025-09-10 18:54:31,232 WARNING database DDL Query made to DB:
CREATE INDEX IF NOT EXISTS "message_id_index" ON "tabEmail Queue" ("message_id")
2025-09-10 18:54:31,385 WARNING database DDL Query made to DB:
create table "tabEmail Unsubscribe" (
			name varchar(140) primary key,
			creation timestamp(6),
			modified timestamp(6),
			modified_by varchar(140),
			owner varchar(140),
			docstatus smallint not null default '0',
			idx bigint not null default '0',
			"email" varchar(140),
"reference_doctype" varchar(140),
"reference_name" varchar(140),
"global_unsubscribe" smallint not null default 0,
"_user_tags" text,
"_comments" text,
"_assign" text,
"_liked_by" text
			)
2025-09-10 18:54:31,398 WARNING database DDL Query made to DB:
CREATE INDEX IF NOT EXISTS "email" ON "tabEmail Unsubscribe"("email");
2025-09-10 18:54:31,591 WARNING database DDL Query made to DB:
create table "tabEmail Queue Recipient" (
			name varchar(140) primary key,
			creation timestamp(6),
			modified timestamp(6),
			modified_by varchar(140),
			owner varchar(140),
			docstatus smallint not null default '0',
			idx bigint not null default '0',
			"recipient" varchar(140),
"status" varchar(140) default 'Not Sent',
"error" text,
parent varchar(140),
parentfield varchar(140),
parenttype varchar(140)
			)
2025-09-10 18:54:31,594 WARNING database DDL Query made to DB:
CREATE INDEX IF NOT EXISTS "status" ON "tabEmail Queue Recipient"("status");
2025-09-10 18:54:31,682 WARNING database DDL Query made to DB:
CREATE INDEX IF NOT EXISTS "modified_index" ON "tabEmail Queue Recipient" ("modified")
2025-09-10 18:54:32,081 WARNING database DDL Query made to DB:
create table "tabNewsletter" (
			name varchar(140) primary key,
			creation timestamp(6),
			modified timestamp(6),
			modified_by varchar(140),
			owner varchar(140),
			docstatus smallint not null default '0',
			idx bigint not null default '0',
			"email_sent_at" timestamp,
"total_recipients" bigint not null default 0,
"total_views" bigint not null default 0,
"email_sent" smallint not null default 0,
"sender_name" varchar(140),
"sender_email" varchar(140),
"send_from" varchar(140),
"subject" text,
"content_type" varchar(140),
"message" text,
"message_md" text,
"message_html" text,
"campaign" varchar(140),
"send_unsubscribe_link" smallint not null default 1,
"send_webview_link" smallint not null default 0,
"scheduled_to_send" bigint not null default 0,
"schedule_sending" smallint not null default 0,
"schedule_send" timestamp,
"published" smallint not null default 0,
"route" varchar(140),
"_user_tags" text,
"_comments" text,
"_assign" text,
"_liked_by" text
			)
2025-09-10 18:54:32,497 WARNING database DDL Query made to DB:
create table "tabEmail Rule" (
			name varchar(140) primary key,
			creation timestamp(6),
			modified timestamp(6),
			modified_by varchar(140),
			owner varchar(140),
			docstatus smallint not null default '0',
			idx bigint not null default '0',
			"email_id" varchar(140) unique,
"is_spam" smallint not null default 0,
"_user_tags" text,
"_comments" text,
"_assign" text,
"_liked_by" text
			)
2025-09-10 18:54:32,740 WARNING database DDL Query made to DB:
create table "tabDocument Follow" (
			name varchar(140) primary key,
			creation timestamp(6),
			modified timestamp(6),
			modified_by varchar(140),
			owner varchar(140),
			docstatus smallint not null default '0',
			idx bigint not null default '0',
			"ref_doctype" varchar(140),
"ref_docname" varchar(140),
"user" varchar(140),
"_user_tags" text,
"_comments" text,
"_assign" text,
"_liked_by" text
			)
2025-09-10 18:54:32,764 WARNING database DDL Query made to DB:
CREATE INDEX IF NOT EXISTS "ref_doctype" ON "tabDocument Follow"("ref_doctype");CREATE INDEX IF NOT EXISTS "ref_docname" ON "tabDocument Follow"("ref_docname");CREATE INDEX IF NOT EXISTS "user" ON "tabDocument Follow"("user");
2025-09-10 18:54:33,551 WARNING database DDL Query made to DB:
create table "tabEmail Account" (
			name varchar(140) primary key,
			creation timestamp(6),
			modified timestamp(6),
			modified_by varchar(140),
			owner varchar(140),
			docstatus smallint not null default '0',
			idx bigint not null default '0',
			"email_id" varchar(140) unique,
"email_account_name" varchar(140) unique,
"domain" varchar(140),
"service" varchar(140),
"auth_method" varchar(140) default 'Basic',
"backend_app_flow" smallint not null default 0,
"password" text,
"awaiting_password" smallint not null default 0,
"ascii_encode_password" smallint not null default 0,
"connected_app" varchar(140),
"connected_user" varchar(140),
"login_id_is_different" smallint not null default 0,
"login_id" varchar(140),
"enable_incoming" smallint not null default 0,
"default_incoming" smallint not null default 0,
"use_imap" smallint not null default 0,
"use_ssl" smallint not null default 0,
"use_starttls" smallint not null default 0,
"email_server" varchar(140),
"incoming_port" varchar(140),
"attachment_limit" bigint not null default 0,
"email_sync_option" varchar(140) default 'UNSEEN',
"initial_sync_count" varchar(140) default '250',
"append_emails_to_sent_folder" smallint not null default 0,
"sent_folder_name" varchar(140),
"append_to" varchar(140),
"create_contact" smallint not null default 1,
"enable_automatic_linking" smallint not null default 0,
"notify_if_unreplied" smallint not null default 0,
"unreplied_for_mins" bigint not null default 30,
"send_notification_to" text,
"enable_outgoing" smallint not null default 0,
"use_tls" smallint not null default 0,
"use_ssl_for_outgoing" smallint not null default 0,
"smtp_server" varchar(140),
"smtp_port" varchar(140),
"default_outgoing" smallint not null default 0,
"always_use_account_email_id_as_sender" smallint not null default 0,
"always_use_account_name_as_sender_name" smallint not null default 0,
"send_unsubscribe_message" smallint not null default 1,
"track_email_status" smallint not null default 1,
"no_smtp_authentication" smallint not null default 0,
"always_bcc" varchar(140),
"add_signature" smallint not null default 0,
"signature" text,
"enable_auto_reply" smallint not null default 0,
"auto_reply_message" text,
"footer" text,
"brand_logo" text,
"uidvalidity" varchar(140),
"uidnext" bigint not null default 0,
"no_failed" bigint not null default 0,
"_user_tags" text,
"_comments" text,
"_assign" text,
"_liked_by" text
			)
2025-09-10 18:54:33,860 WARNING database DDL Query made to DB:
create table "tabEmail Group" (
			name varchar(140) primary key,
			creation timestamp(6),
			modified timestamp(6),
			modified_by varchar(140),
			owner varchar(140),
			docstatus smallint not null default '0',
			idx bigint not null default '0',
			"title" varchar(140) unique,
"total_subscribers" bigint not null default 0,
"confirmation_email_template" varchar(140),
"welcome_email_template" varchar(140),
"welcome_url" varchar(140),
"add_query_parameters" smallint not null default 0,
"_user_tags" text,
"_comments" text,
"_assign" text,
"_liked_by" text
			)
2025-09-10 18:54:34,328 WARNING database DDL Query made to DB:
create table "tabEmail Domain" (
			name varchar(140) primary key,
			creation timestamp(6),
			modified timestamp(6),
			modified_by varchar(140),
			owner varchar(140),
			docstatus smallint not null default '0',
			idx bigint not null default '0',
			"domain_name" varchar(140) unique,
"email_server" varchar(140),
"use_imap" smallint not null default 0,
"use_ssl" smallint not null default 0,
"use_starttls" smallint not null default 0,
"incoming_port" varchar(140),
"attachment_limit" bigint not null default 0,
"smtp_server" varchar(140),
"use_tls" smallint not null default 0,
"use_ssl_for_outgoing" smallint not null default 0,
"smtp_port" varchar(140),
"append_emails_to_sent_folder" smallint not null default 0,
"sent_folder_name" varchar(140) default 'Sent',
"_user_tags" text,
"_comments" text,
"_assign" text,
"_liked_by" text
			)
2025-09-10 18:54:34,779 WARNING database DDL Query made to DB:
create table "tabEmail Flag Queue" (
			name varchar(140) primary key,
			creation timestamp(6),
			modified timestamp(6),
			modified_by varchar(140),
			owner varchar(140),
			docstatus smallint not null default '0',
			idx bigint not null default '0',
			"is_completed" smallint not null default 0,
"communication" varchar(140),
"action" varchar(140),
"email_account" varchar(140),
"uid" varchar(140),
"_user_tags" text,
"_comments" text,
"_assign" text,
"_liked_by" text
			)
2025-09-10 18:54:35,083 WARNING database DDL Query made to DB:
create table "tabEmail Template" (
			name varchar(140) primary key,
			creation timestamp(6),
			modified timestamp(6),
			modified_by varchar(140),
			owner varchar(140),
			docstatus smallint not null default '0',
			idx bigint not null default '0',
			"subject" varchar(140),
"use_html" smallint not null default 0,
"response_html" text,
"response" text,
"_user_tags" text,
"_comments" text,
"_assign" text,
"_liked_by" text
			)
2025-09-10 18:54:35,382 WARNING database DDL Query made to DB:
create table "tabEmail Group Member" (
			name varchar(140) primary key,
			creation timestamp(6),
			modified timestamp(6),
			modified_by varchar(140),
			owner varchar(140),
			docstatus smallint not null default '0',
			idx bigint not null default '0',
			"email_group" varchar(140),
"email" varchar(140),
"unsubscribed" smallint not null default 0,
"_user_tags" text,
"_comments" text,
"_assign" text,
"_liked_by" text
			)
2025-09-10 18:54:35,425 WARNING database DDL Query made to DB:
CREATE INDEX IF NOT EXISTS "email_group" ON "tabEmail Group Member"("email_group");CREATE INDEX IF NOT EXISTS "unsubscribed" ON "tabEmail Group Member"("unsubscribed");
2025-09-10 18:54:35,669 WARNING database DDL Query made to DB:
ALTER TABLE "tabEmail Group Member"
					ADD CONSTRAINT unique_email_group_email UNIQUE (email_group, email)
2025-09-10 18:54:37,145 WARNING database DDL Query made to DB:
create table "tabCustomize Form Field" (
			name varchar(140) primary key,
			creation timestamp(6),
			modified timestamp(6),
			modified_by varchar(140),
			owner varchar(140),
			docstatus smallint not null default '0',
			idx bigint not null default '0',
			"is_system_generated" smallint not null default 0,
"label" varchar(140),
"fieldtype" varchar(140) default 'Data',
"fieldname" varchar(140),
"non_negative" smallint not null default 0,
"reqd" smallint not null default 0,
"unique" smallint not null default 0,
"is_virtual" smallint not null default 0,
"in_list_view" smallint not null default 0,
"in_standard_filter" smallint not null default 0,
"in_global_search" smallint not null default 0,
"in_preview" smallint not null default 0,
"bold" smallint not null default 0,
"no_copy" smallint not null default 0,
"allow_in_quick_entry" smallint not null default 0,
"translatable" smallint not null default 1,
"link_filters" json,
"default" text,
"precision" varchar(140),
"length" bigint not null default 0,
"options" text,
"sort_options" smallint not null default 0,
"fetch_from" text,
"fetch_if_empty" smallint not null default 0,
"show_dashboard" smallint not null default 0,
"depends_on" text,
"permlevel" bigint not null default 0,
"hidden" smallint not null default 0,
"read_only" smallint not null default 0,
"collapsible" smallint not null default 0,
"allow_bulk_edit" smallint not null default 0,
"collapsible_depends_on" text,
"ignore_user_permissions" smallint not null default 0,
"allow_on_submit" smallint not null default 0,
"report_hide" smallint not null default 0,
"remember_last_selected_value" smallint not null default 0,
"hide_border" smallint not null default 0,
"ignore_xss_filter" smallint not null default 0,
"mandatory_depends_on" text,
"read_only_depends_on" text,
"in_filter" smallint not null default 0,
"hide_seconds" smallint not null default 0,
"hide_days" smallint not null default 0,
"description" text,
"placeholder" varchar(140),
"print_hide" smallint not null default 0,
"print_hide_if_no_value" smallint not null default 0,
"print_width" varchar(140),
"columns" bigint not null default 0,
"width" varchar(140),
"is_custom_field" smallint not null default 0,
parent varchar(140),
parentfield varchar(140),
parenttype varchar(140)
			)
2025-09-10 18:54:37,229 WARNING database DDL Query made to DB:
CREATE INDEX IF NOT EXISTS "label" ON "tabCustomize Form Field"("label");CREATE INDEX IF NOT EXISTS "fieldtype" ON "tabCustomize Form Field"("fieldtype");CREATE INDEX IF NOT EXISTS "fieldname" ON "tabCustomize Form Field"("fieldname");
2025-09-10 18:54:37,467 WARNING database DDL Query made to DB:
create table "tabDocType Layout Field" (
			name varchar(140) primary key,
			creation timestamp(6),
			modified timestamp(6),
			modified_by varchar(140),
			owner varchar(140),
			docstatus smallint not null default '0',
			idx bigint not null default '0',
			"label" varchar(140),
"fieldname" varchar(140),
parent varchar(140),
parentfield varchar(140),
parenttype varchar(140)
			)
2025-09-10 18:54:37,747 WARNING database DDL Query made to DB:
create table "tabDocType Layout" (
			name varchar(140) primary key,
			creation timestamp(6),
			modified timestamp(6),
			modified_by varchar(140),
			owner varchar(140),
			docstatus smallint not null default '0',
			idx bigint not null default '0',
			"document_type" varchar(140),
"route" varchar(140),
"client_script" text,
"_user_tags" text,
"_comments" text,
"_assign" text,
"_liked_by" text
			)
2025-09-10 18:54:39,302 WARNING database DDL Query made to DB:
create table "tabCurrency" (
			name varchar(140) primary key,
			creation timestamp(6),
			modified timestamp(6),
			modified_by varchar(140),
			owner varchar(140),
			docstatus smallint not null default '0',
			idx bigint not null default '0',
			"currency_name" varchar(140) unique,
"enabled" smallint not null default 0,
"fraction" varchar(140),
"fraction_units" bigint not null default 0,
"smallest_currency_fraction_value" decimal(21,9) not null default 0,
"symbol" varchar(140),
"symbol_on_right" smallint not null default 0,
"number_format" varchar(140),
"_user_tags" text,
"_comments" text,
"_assign" text,
"_liked_by" text
			)
2025-09-10 18:54:40,000 WARNING database DDL Query made to DB:
create table "tabCountry" (
			name varchar(140) primary key,
			creation timestamp(6),
			modified timestamp(6),
			modified_by varchar(140),
			owner varchar(140),
			docstatus smallint not null default '0',
			idx bigint not null default '0',
			"country_name" varchar(140) unique,
"date_format" varchar(140),
"time_format" varchar(140) default 'HH:mm:ss',
"time_zones" text,
"code" varchar(140),
"_user_tags" text,
"_comments" text,
"_assign" text,
"_liked_by" text
			)
2025-09-10 18:54:40,166 WARNING database DDL Query made to DB:
create table "tabDashboard Chart Link" (
			name varchar(140) primary key,
			creation timestamp(6),
			modified timestamp(6),
			modified_by varchar(140),
			owner varchar(140),
			docstatus smallint not null default '0',
			idx bigint not null default '0',
			"chart" varchar(140),
"width" varchar(140) default 'Half',
parent varchar(140),
parentfield varchar(140),
parenttype varchar(140)
			)
2025-09-10 18:54:40,719 WARNING database DDL Query made to DB:
create table "tabTag" (
			name varchar(140) primary key,
			creation timestamp(6),
			modified timestamp(6),
			modified_by varchar(140),
			owner varchar(140),
			docstatus smallint not null default '0',
			idx bigint not null default '0',
			"description" text,
"_user_tags" text,
"_comments" text,
"_assign" text,
"_liked_by" text
			)
2025-09-10 18:54:41,066 WARNING database DDL Query made to DB:
create table "tabToDo" (
			name varchar(140) primary key,
			creation timestamp(6),
			modified timestamp(6),
			modified_by varchar(140),
			owner varchar(140),
			docstatus smallint not null default '0',
			idx bigint not null default '0',
			"status" varchar(140) default 'Open',
"priority" varchar(140) default 'Medium',
"color" varchar(140),
"date" date,
"allocated_to" varchar(140),
"description" text,
"reference_type" varchar(140),
"reference_name" varchar(140),
"role" varchar(140),
"assigned_by" varchar(140),
"assigned_by_full_name" varchar(140),
"sender" varchar(140),
"assignment_rule" varchar(140),
"_user_tags" text,
"_comments" text,
"_assign" text,
"_liked_by" text,
"_seen" text
			)
2025-09-10 18:54:41,132 WARNING database DDL Query made to DB:
CREATE INDEX IF NOT EXISTS "reference_type_reference_name_index" ON "tabToDo" ("reference_type", "reference_name")
2025-09-10 18:54:41,277 WARNING database DDL Query made to DB:
create table "tabDashboard Settings" (
			name varchar(140) primary key,
			creation timestamp(6),
			modified timestamp(6),
			modified_by varchar(140),
			owner varchar(140),
			docstatus smallint not null default '0',
			idx bigint not null default '0',
			"user" varchar(140),
"chart_config" text,
"_user_tags" text,
"_comments" text,
"_assign" text,
"_liked_by" text
			)
2025-09-10 18:54:41,700 WARNING database DDL Query made to DB:
create table "tabCustom HTML Block" (
			name varchar(140) primary key,
			creation timestamp(6),
			modified timestamp(6),
			modified_by varchar(140),
			owner varchar(140),
			docstatus smallint not null default '0',
			idx bigint not null default '0',
			"private" smallint not null default 0,
"html" text,
"script" text,
"style" text,
"_user_tags" text,
"_comments" text,
"_assign" text,
"_liked_by" text
			)
2025-09-10 18:54:41,935 WARNING database DDL Query made to DB:
create table "tabKanban Board" (
			name varchar(140) primary key,
			creation timestamp(6),
			modified timestamp(6),
			modified_by varchar(140),
			owner varchar(140),
			docstatus smallint not null default '0',
			idx bigint not null default '0',
			"kanban_board_name" varchar(140) unique,
"reference_doctype" varchar(140),
"field_name" varchar(140),
"private" smallint not null default 0,
"show_labels" smallint not null default 0,
"filters" text,
"fields" text,
"_user_tags" text,
"_comments" text,
"_assign" text,
"_liked_by" text
			)
2025-09-10 18:54:42,336 WARNING database DDL Query made to DB:
create table "tabNotification Settings" (
			name varchar(140) primary key,
			creation timestamp(6),
			modified timestamp(6),
			modified_by varchar(140),
			owner varchar(140),
			docstatus smallint not null default '0',
			idx bigint not null default '0',
			"enabled" smallint not null default 1,
"enable_email_notifications" smallint not null default 1,
"enable_email_mention" smallint not null default 1,
"enable_email_assignment" smallint not null default 1,
"enable_email_threads_on_assigned_document" smallint not null default 1,
"enable_email_energy_point" smallint not null default 1,
"enable_email_share" smallint not null default 1,
"enable_email_event_reminders" smallint not null default 1,
"user" varchar(140),
"seen" smallint not null default 0,
"energy_points_system_notifications" smallint not null default 1,
"_user_tags" text,
"_comments" text,
"_assign" text,
"_liked_by" text
			)
2025-09-10 18:54:42,736 WARNING database DDL Query made to DB:
create table "tabDashboard Chart Field" (
			name varchar(140) primary key,
			creation timestamp(6),
			modified timestamp(6),
			modified_by varchar(140),
			owner varchar(140),
			docstatus smallint not null default '0',
			idx bigint not null default '0',
			"y_field" varchar(140),
"color" varchar(140),
parent varchar(140),
parentfield varchar(140),
parenttype varchar(140)
			)
2025-09-10 18:54:42,953 WARNING database DDL Query made to DB:
create table "tabKanban Board Column" (
			name varchar(140) primary key,
			creation timestamp(6),
			modified timestamp(6),
			modified_by varchar(140),
			owner varchar(140),
			docstatus smallint not null default '0',
			idx bigint not null default '0',
			"column_name" varchar(140),
"status" varchar(140) default 'Active',
"indicator" varchar(140) default 'Gray',
"order" text,
parent varchar(140),
parentfield varchar(140),
parenttype varchar(140)
			)
2025-09-10 18:54:43,332 WARNING database DDL Query made to DB:
create table "tabNumber Card Link" (
			name varchar(140) primary key,
			creation timestamp(6),
			modified timestamp(6),
			modified_by varchar(140),
			owner varchar(140),
			docstatus smallint not null default '0',
			idx bigint not null default '0',
			"card" varchar(140),
parent varchar(140),
parentfield varchar(140),
parenttype varchar(140)
			)
2025-09-10 18:54:43,607 WARNING database DDL Query made to DB:
create table "tabCalendar View" (
			name varchar(140) primary key,
			creation timestamp(6),
			modified timestamp(6),
			modified_by varchar(140),
			owner varchar(140),
			docstatus smallint not null default '0',
			idx bigint not null default '0',
			"reference_doctype" varchar(140),
"subject_field" varchar(140),
"start_date_field" varchar(140),
"end_date_field" varchar(140),
"all_day" smallint not null default 0,
"_user_tags" text,
"_comments" text,
"_assign" text,
"_liked_by" text
			)
2025-09-10 18:54:44,006 WARNING database DDL Query made to DB:
create table "tabNotification Log" (
			name varchar(140) primary key,
			creation timestamp(6),
			modified timestamp(6),
			modified_by varchar(140),
			owner varchar(140),
			docstatus smallint not null default '0',
			idx bigint not null default '0',
			"subject" text,
"for_user" varchar(140),
"type" varchar(140),
"email_content" text,
"document_type" varchar(140),
"read" smallint not null default 0,
"document_name" varchar(140),
"attached_file" text,
"from_user" varchar(140),
"link" text,
"_user_tags" text,
"_comments" text,
"_assign" text,
"_liked_by" text,
"_seen" text
			)
2025-09-10 18:54:44,048 WARNING database DDL Query made to DB:
CREATE INDEX IF NOT EXISTS "for_user" ON "tabNotification Log"("for_user");CREATE INDEX IF NOT EXISTS "document_name" ON "tabNotification Log"("document_name");
2025-09-10 18:54:44,307 WARNING database DDL Query made to DB:
create table "tabDesktop Icon" (
			name varchar(140) primary key,
			creation timestamp(6),
			modified timestamp(6),
			modified_by varchar(140),
			owner varchar(140),
			docstatus smallint not null default '0',
			idx bigint not null default '0',
			"module_name" varchar(140),
"label" varchar(140),
"standard" smallint not null default 0,
"custom" smallint not null default 0,
"app" varchar(140),
"description" text,
"category" varchar(140),
"hidden" smallint not null default 0,
"blocked" smallint not null default 0,
"force_show" smallint not null default 0,
"type" varchar(140),
"_doctype" varchar(140),
"_report" varchar(140),
"link" text,
"color" varchar(140),
"icon" varchar(140),
"reverse" smallint not null default 0,
"_user_tags" text,
"_comments" text,
"_assign" text,
"_liked_by" text
			)
2025-09-10 18:54:44,463 WARNING database DDL Query made to DB:
ALTER TABLE "tabDesktop Icon"
					ADD CONSTRAINT unique_module_name_owner_standard UNIQUE (module_name, owner, standard)
2025-09-10 18:54:45,537 WARNING database DDL Query made to DB:
create table "tabList View Settings" (
			name varchar(140) primary key,
			creation timestamp(6),
			modified timestamp(6),
			modified_by varchar(140),
			owner varchar(140),
			docstatus smallint not null default '0',
			idx bigint not null default '0',
			"disable_count" smallint not null default 0,
"disable_comment_count" smallint not null default 0,
"disable_sidebar_stats" smallint not null default 0,
"disable_auto_refresh" smallint not null default 0,
"allow_edit" smallint not null default 0,
"disable_automatic_recency_filters" smallint not null default 0,
"total_fields" varchar(140),
"fields" text,
"_user_tags" text,
"_comments" text,
"_assign" text,
"_liked_by" text
			)
2025-09-10 18:54:45,899 WARNING database DDL Query made to DB:
create table "tabGlobal Search DocType" (
			name varchar(140) primary key,
			creation timestamp(6),
			modified timestamp(6),
			modified_by varchar(140),
			owner varchar(140),
			docstatus smallint not null default '0',
			idx bigint not null default '0',
			"document_type" varchar(140),
parent varchar(140),
parentfield varchar(140),
parenttype varchar(140)
			)
2025-09-10 18:54:46,635 WARNING database DDL Query made to DB:
create table "tabRoute History" (
			name varchar(140) primary key,
			creation timestamp(6),
			modified timestamp(6),
			modified_by varchar(140),
			owner varchar(140),
			docstatus smallint not null default '0',
			idx bigint not null default '0',
			"route" varchar(140),
"user" varchar(140),
"_user_tags" text,
"_comments" text,
"_assign" text,
"_liked_by" text
			)
2025-09-10 18:54:46,867 WARNING database DDL Query made to DB:
create table "tabEvent Participants" (
			name varchar(140) primary key,
			creation timestamp(6),
			modified timestamp(6),
			modified_by varchar(140),
			owner varchar(140),
			docstatus smallint not null default '0',
			idx bigint not null default '0',
			"reference_doctype" varchar(140),
"reference_docname" varchar(140),
"email" varchar(140),
parent varchar(140),
parentfield varchar(140),
parenttype varchar(140)
			)
2025-09-10 18:54:47,334 WARNING database DDL Query made to DB:
create table "tabNotification Subscribed Document" (
			name varchar(140) primary key,
			creation timestamp(6),
			modified timestamp(6),
			modified_by varchar(140),
			owner varchar(140),
			docstatus smallint not null default '0',
			idx bigint not null default '0',
			"document" varchar(140),
parent varchar(140),
parentfield varchar(140),
parenttype varchar(140)
			)
2025-09-10 18:54:47,950 WARNING database DDL Query made to DB:
create table "tabNote" (
			name varchar(140) primary key,
			creation timestamp(6),
			modified timestamp(6),
			modified_by varchar(140),
			owner varchar(140),
			docstatus smallint not null default '0',
			idx bigint not null default '0',
			"title" varchar(140),
"public" smallint not null default 0,
"notify_on_login" smallint not null default 0,
"notify_on_every_login" smallint not null default 0,
"expire_notification_on" date,
"content" text,
"_user_tags" text,
"_comments" text,
"_assign" text,
"_liked_by" text
			)
2025-09-10 18:54:48,022 WARNING database DDL Query made to DB:
CREATE INDEX IF NOT EXISTS "expire_notification_on" ON "tabNote"("expire_notification_on");
2025-09-10 18:54:48,476 WARNING database DDL Query made to DB:
create table "tabTag Link" (
			name varchar(140) primary key,
			creation timestamp(6),
			modified timestamp(6),
			modified_by varchar(140),
			owner varchar(140),
			docstatus smallint not null default '0',
			idx bigint not null default '0',
			"document_type" varchar(140),
"document_name" varchar(140),
"tag" varchar(140),
"title" varchar(140),
"_user_tags" text,
"_comments" text,
"_assign" text,
"_liked_by" text
			)
2025-09-10 18:54:48,573 WARNING database DDL Query made to DB:
CREATE INDEX IF NOT EXISTS "document_type_document_name_index" ON "tabTag Link" ("document_type", "document_name")
2025-09-10 18:54:48,707 WARNING database DDL Query made to DB:
create table "tabChangelog Feed" (
			name varchar(140) primary key,
			creation timestamp(6),
			modified timestamp(6),
			modified_by varchar(140),
			owner varchar(140),
			docstatus smallint not null default '0',
			idx bigint not null default '0',
			"title" varchar(140),
"app_name" varchar(140),
"link" text,
"posting_timestamp" timestamp,
"_user_tags" text,
"_comments" text,
"_assign" text,
"_liked_by" text
			)
2025-09-10 18:54:48,729 WARNING database DDL Query made to DB:
CREATE INDEX IF NOT EXISTS "posting_timestamp" ON "tabChangelog Feed"("posting_timestamp");
2025-09-10 18:54:49,007 WARNING database DDL Query made to DB:
create table "tabNote Seen By" (
			name varchar(140) primary key,
			creation timestamp(6),
			modified timestamp(6),
			modified_by varchar(140),
			owner varchar(140),
			docstatus smallint not null default '0',
			idx bigint not null default '0',
			"user" varchar(140),
parent varchar(140),
parentfield varchar(140),
parenttype varchar(140)
			)
2025-09-10 18:54:49,599 WARNING database DDL Query made to DB:
create table "tabConsole Log" (
			name varchar(140) primary key,
			creation timestamp(6),
			modified timestamp(6),
			modified_by varchar(140),
			owner varchar(140),
			docstatus smallint not null default '0',
			idx bigint not null default '0',
			"script" text,
"type" varchar(140),
"committed" smallint not null default 0,
"_user_tags" text,
"_comments" text,
"_assign" text,
"_liked_by" text
			)
2025-09-10 18:54:50,192 WARNING database DDL Query made to DB:
create table "tabEvent" (
			name varchar(140) primary key,
			creation timestamp(6),
			modified timestamp(6),
			modified_by varchar(140),
			owner varchar(140),
			docstatus smallint not null default '0',
			idx bigint not null default '0',
			"subject" text,
"event_category" varchar(140),
"event_type" varchar(140),
"color" varchar(140),
"send_reminder" smallint not null default 1,
"repeat_this_event" smallint not null default 0,
"starts_on" timestamp,
"ends_on" timestamp,
"status" varchar(140) default 'Open',
"sender" varchar(140),
"all_day" smallint not null default 0,
"sync_with_google_calendar" smallint not null default 0,
"add_video_conferencing" smallint not null default 0,
"google_calendar" varchar(140),
"google_calendar_id" varchar(140),
"google_calendar_event_id" varchar(320),
"google_meet_link" text,
"pulled_from_google_calendar" smallint not null default 0,
"repeat_on" varchar(140),
"repeat_till" date,
"monday" smallint not null default 0,
"tuesday" smallint not null default 0,
"wednesday" smallint not null default 0,
"thursday" smallint not null default 0,
"friday" smallint not null default 0,
"saturday" smallint not null default 0,
"sunday" smallint not null default 0,
"description" text,
"reference_doctype" varchar(140),
"reference_docname" varchar(140),
"_user_tags" text,
"_comments" text,
"_assign" text,
"_liked_by" text,
"_seen" text
			)
2025-09-10 18:54:50,224 WARNING database DDL Query made to DB:
CREATE INDEX IF NOT EXISTS "event_type" ON "tabEvent"("event_type");
2025-09-10 18:54:50,495 WARNING database DDL Query made to DB:
create table "tabList Filter" (
			name varchar(140) primary key,
			creation timestamp(6),
			modified timestamp(6),
			modified_by varchar(140),
			owner varchar(140),
			docstatus smallint not null default '0',
			idx bigint not null default '0',
			"filter_name" varchar(140),
"reference_doctype" varchar(140),
"for_user" varchar(140),
"filters" text,
"_user_tags" text,
"_comments" text,
"_assign" text,
"_liked_by" text
			)
2025-09-10 18:54:51,613 WARNING database DDL Query made to DB:
create table "tabQuery Parameters" (
			name varchar(140) primary key,
			creation timestamp(6),
			modified timestamp(6),
			modified_by varchar(140),
			owner varchar(140),
			docstatus smallint not null default '0',
			idx bigint not null default '0',
			"key" varchar(140),
"value" varchar(140),
parent varchar(140),
parentfield varchar(140),
parenttype varchar(140)
			)
2025-09-10 18:54:53,247 WARNING database DDL Query made to DB:
create table "tabOAuth Client" (
			name varchar(140) primary key,
			creation timestamp(6),
			modified timestamp(6),
			modified_by varchar(140),
			owner varchar(140),
			docstatus smallint not null default '0',
			idx bigint not null default '0',
			"client_id" varchar(140),
"app_name" varchar(140),
"user" varchar(140),
"client_secret" varchar(140),
"skip_authorization" smallint not null default 0,
"scopes" text default 'all openid',
"redirect_uris" text,
"default_redirect_uri" varchar(140),
"grant_type" varchar(140),
"response_type" varchar(140) default 'Code',
"_user_tags" text,
"_comments" text,
"_assign" text,
"_liked_by" text
			)
2025-09-10 18:54:53,808 WARNING database DDL Query made to DB:
create table "tabGoogle Calendar" (
			name varchar(140) primary key,
			creation timestamp(6),
			modified timestamp(6),
			modified_by varchar(140),
			owner varchar(140),
			docstatus smallint not null default '0',
			idx bigint not null default '0',
			"enable" smallint not null default 1,
"calendar_name" varchar(140) unique,
"user" varchar(140),
"pull_from_google_calendar" smallint not null default 1,
"sync_as_public" smallint not null default 0,
"push_to_google_calendar" smallint not null default 1,
"google_calendar_id" varchar(140),
"refresh_token" text,
"authorization_code" text,
"next_sync_token" text,
"_user_tags" text,
"_comments" text,
"_assign" text,
"_liked_by" text
			)
2025-09-10 18:54:54,455 WARNING database DDL Query made to DB:
create table "tabOAuth Client Role" (
			name varchar(140) primary key,
			creation timestamp(6),
			modified timestamp(6),
			modified_by varchar(140),
			owner varchar(140),
			docstatus smallint not null default '0',
			idx bigint not null default '0',
			"role" varchar(140),
parent varchar(140),
parentfield varchar(140),
parenttype varchar(140)
			)
2025-09-10 18:54:55,052 WARNING database DDL Query made to DB:
create table "tabOAuth Bearer Token" (
			name varchar(140) primary key,
			creation timestamp(6),
			modified timestamp(6),
			modified_by varchar(140),
			owner varchar(140),
			docstatus smallint not null default '0',
			idx bigint not null default '0',
			"client" varchar(140),
"user" varchar(140),
"scopes" text,
"access_token" varchar(140) unique,
"refresh_token" varchar(140),
"expiration_time" timestamp,
"expires_in" bigint not null default 0,
"status" varchar(140),
"_user_tags" text,
"_comments" text,
"_assign" text,
"_liked_by" text
			)
2025-09-10 18:54:56,395 WARNING database DDL Query made to DB:
create table "tabWebhook" (
			name varchar(140) primary key,
			creation timestamp(6),
			modified timestamp(6),
			modified_by varchar(140),
			owner varchar(140),
			docstatus smallint not null default '0',
			idx bigint not null default '0',
			"webhook_doctype" varchar(140),
"webhook_docevent" varchar(140),
"enabled" smallint not null default 1,
"condition" text,
"request_url" text,
"is_dynamic_url" smallint not null default 0,
"timeout" bigint not null default 5,
"background_jobs_queue" varchar(140),
"request_method" varchar(140) default 'POST',
"request_structure" varchar(140),
"enable_security" smallint not null default 0,
"webhook_secret" text,
"webhook_json" text,
"preview_document" varchar(140),
"_user_tags" text,
"_comments" text,
"_assign" text,
"_liked_by" text
			)
2025-09-10 18:54:56,766 WARNING database DDL Query made to DB:
create table "tabLDAP Group Mapping" (
			name varchar(140) primary key,
			creation timestamp(6),
			modified timestamp(6),
			modified_by varchar(140),
			owner varchar(140),
			docstatus smallint not null default '0',
			idx bigint not null default '0',
			"ldap_group" varchar(140),
"erpnext_role" varchar(140),
parent varchar(140),
parentfield varchar(140),
parenttype varchar(140)
			)
2025-09-10 18:54:56,968 WARNING database DDL Query made to DB:
create table "tabOAuth Authorization Code" (
			name varchar(140) primary key,
			creation timestamp(6),
			modified timestamp(6),
			modified_by varchar(140),
			owner varchar(140),
			docstatus smallint not null default '0',
			idx bigint not null default '0',
			"client" varchar(140),
"user" varchar(140),
"scopes" text,
"authorization_code" varchar(140) unique,
"expiration_time" timestamp,
"redirect_uri_bound_to_authorization_code" varchar(140),
"validity" varchar(140),
"nonce" varchar(140),
"code_challenge" varchar(140),
"code_challenge_method" varchar(140),
"_user_tags" text,
"_comments" text,
"_assign" text,
"_liked_by" text
			)
2025-09-10 18:54:57,186 WARNING database DDL Query made to DB:
create table "tabWebhook Header" (
			name varchar(140) primary key,
			creation timestamp(6),
			modified timestamp(6),
			modified_by varchar(140),
			owner varchar(140),
			docstatus smallint not null default '0',
			idx bigint not null default '0',
			"key" text,
"value" text,
parent varchar(140),
parentfield varchar(140),
parenttype varchar(140)
			)
2025-09-10 18:54:56,584 WARNING database DDL Query made to DB:
create table "tabToken Cache" (
			name varchar(140) primary key,
			creation timestamp(6),
			modified timestamp(6),
			modified_by varchar(140),
			owner varchar(140),
			docstatus smallint not null default '0',
			idx bigint not null default '0',
			"user" varchar(140),
"connected_app" varchar(140),
"provider_name" varchar(140),
"access_token" text,
"refresh_token" text,
"expires_in" bigint not null default 0,
"state" varchar(140),
"success_uri" varchar(140),
"token_type" varchar(140),
"_user_tags" text,
"_comments" text,
"_assign" text,
"_liked_by" text
			)
2025-09-10 18:54:57,601 WARNING database DDL Query made to DB:
create table "tabSlack Webhook URL" (
			name varchar(140) primary key,
			creation timestamp(6),
			modified timestamp(6),
			modified_by varchar(140),
			owner varchar(140),
			docstatus smallint not null default '0',
			idx bigint not null default '0',
			"webhook_name" varchar(140) unique,
"webhook_url" varchar(140),
"show_document_link" smallint not null default 1,
"_user_tags" text,
"_comments" text,
"_assign" text,
"_liked_by" text
			)
2025-09-10 18:54:59,238 WARNING database DDL Query made to DB:
create table "tabIntegration Request" (
			name varchar(140) primary key,
			creation timestamp(6),
			modified timestamp(6),
			modified_by varchar(140),
			owner varchar(140),
			docstatus smallint not null default '0',
			idx bigint not null default '0',
			"request_id" varchar(140),
"integration_request_service" varchar(140),
"is_remote_request" smallint not null default 0,
"request_description" varchar(140),
"status" varchar(140) default 'Queued',
"url" text,
"request_headers" text,
"data" text,
"output" text,
"error" text,
"reference_doctype" varchar(140),
"reference_docname" varchar(140),
"_user_tags" text,
"_comments" text,
"_assign" text,
"_liked_by" text
			)
2025-09-10 18:54:59,615 WARNING database DDL Query made to DB:
create table "tabWebhook Data" (
			name varchar(140) primary key,
			creation timestamp(6),
			modified timestamp(6),
			modified_by varchar(140),
			owner varchar(140),
			docstatus smallint not null default '0',
			idx bigint not null default '0',
			"fieldname" varchar(140),
"key" varchar(140),
parent varchar(140),
parentfield varchar(140),
parenttype varchar(140)
			)
2025-09-10 18:55:00,228 WARNING database DDL Query made to DB:
create table "tabSocial Login Key" (
			name varchar(140) primary key,
			creation timestamp(6),
			modified timestamp(6),
			modified_by varchar(140),
			owner varchar(140),
			docstatus smallint not null default '0',
			idx bigint not null default '0',
			"enable_social_login" smallint not null default 0,
"social_login_provider" varchar(140) default 'Custom',
"client_id" varchar(140),
"provider_name" varchar(140),
"client_secret" text,
"icon" varchar(140),
"base_url" varchar(140),
"sign_ups" varchar(140),
"authorize_url" varchar(140),
"access_token_url" varchar(140),
"redirect_url" varchar(140),
"api_endpoint" varchar(140),
"custom_base_url" smallint not null default 0,
"api_endpoint_args" text,
"auth_url_data" text,
"user_id_property" varchar(140),
"_user_tags" text,
"_comments" text,
"_assign" text,
"_liked_by" text
			)
2025-09-10 18:55:00,793 WARNING database DDL Query made to DB:
create table "tabGoogle Contacts" (
			name varchar(140) primary key,
			creation timestamp(6),
			modified timestamp(6),
			modified_by varchar(140),
			owner varchar(140),
			docstatus smallint not null default '0',
			idx bigint not null default '0',
			"enable" smallint not null default 0,
"email_id" varchar(140),
"last_sync_on" timestamp,
"authorization_code" text,
"refresh_token" text,
"next_sync_token" text,
"pull_from_google_contacts" smallint not null default 0,
"push_to_google_contacts" smallint not null default 0,
"_user_tags" text,
"_comments" text,
"_assign" text,
"_liked_by" text
			)
2025-09-10 18:55:01,645 WARNING database DDL Query made to DB:
create table "tabOAuth Scope" (
			name varchar(140) primary key,
			creation timestamp(6),
			modified timestamp(6),
			modified_by varchar(140),
			owner varchar(140),
			docstatus smallint not null default '0',
			idx bigint not null default '0',
			"scope" varchar(140),
parent varchar(140),
parentfield varchar(140),
parenttype varchar(140)
			)
2025-09-10 18:55:01,945 WARNING database DDL Query made to DB:
create table "tabConnected App" (
			name varchar(140) primary key,
			creation timestamp(6),
			modified timestamp(6),
			modified_by varchar(140),
			owner varchar(140),
			docstatus smallint not null default '0',
			idx bigint not null default '0',
			"provider_name" varchar(140),
"openid_configuration" varchar(140),
"client_id" varchar(140),
"redirect_uri" varchar(140),
"client_secret" text,
"authorization_uri" text,
"token_uri" varchar(140),
"revocation_uri" varchar(140),
"userinfo_uri" varchar(140),
"introspection_uri" varchar(140),
"_user_tags" text,
"_comments" text,
"_assign" text,
"_liked_by" text
			)
2025-09-10 18:55:02,140 WARNING database DDL Query made to DB:
create table "tabWebhook Request Log" (
			name varchar(140) primary key,
			creation timestamp(6),
			modified timestamp(6),
			modified_by varchar(140),
			owner varchar(140),
			docstatus smallint not null default '0',
			idx bigint not null default '0',
			"webhook" varchar(140),
"reference_document" varchar(140),
"headers" text,
"data" text,
"user" varchar(140),
"url" text,
"response" text,
"error" text,
"_user_tags" text,
"_comments" text,
"_assign" text,
"_liked_by" text
			)
2025-09-10 18:55:02,545 WARNING database DDL Query made to DB:
create table "tabLetter Head" (
			name varchar(140) primary key,
			creation timestamp(6),
			modified timestamp(6),
			modified_by varchar(140),
			owner varchar(140),
			docstatus smallint not null default '0',
			idx bigint not null default '0',
			"letter_head_name" varchar(140) unique,
"source" varchar(140),
"footer_source" varchar(140) default 'HTML',
"disabled" smallint not null default 0,
"is_default" smallint not null default 0,
"image" text,
"image_height" decimal(21,9) not null default 0,
"image_width" decimal(21,9) not null default 0,
"align" varchar(140) default 'Left',
"content" text,
"footer" text,
"footer_image" text,
"footer_image_height" decimal(21,9) not null default 0,
"footer_image_width" decimal(21,9) not null default 0,
"footer_align" varchar(140),
"header_script" text,
"footer_script" text,
"_user_tags" text,
"_comments" text,
"_assign" text,
"_liked_by" text
			)
2025-09-10 18:55:02,563 WARNING database DDL Query made to DB:
CREATE INDEX IF NOT EXISTS "is_default" ON "tabLetter Head"("is_default");
2025-09-10 18:55:03,149 WARNING database DDL Query made to DB:
create table "tabNetwork Printer Settings" (
			name varchar(140) primary key,
			creation timestamp(6),
			modified timestamp(6),
			modified_by varchar(140),
			owner varchar(140),
			docstatus smallint not null default '0',
			idx bigint not null default '0',
			"server_ip" varchar(140) default 'localhost',
"port" bigint not null default 631,
"printer_name" varchar(140),
"_user_tags" text,
"_comments" text,
"_assign" text,
"_liked_by" text
			)
2025-09-10 18:55:03,479 WARNING database DDL Query made to DB:
create table "tabPrint Heading" (
			name varchar(140) primary key,
			creation timestamp(6),
			modified timestamp(6),
			modified_by varchar(140),
			owner varchar(140),
			docstatus smallint not null default '0',
			idx bigint not null default '0',
			"print_heading" varchar(140),
"description" text,
"_user_tags" text,
"_comments" text,
"_assign" text,
"_liked_by" text
			)
2025-09-10 18:55:03,809 WARNING database DDL Query made to DB:
create table "tabPrint Format Field Template" (
			name varchar(140) primary key,
			creation timestamp(6),
			modified timestamp(6),
			modified_by varchar(140),
			owner varchar(140),
			docstatus smallint not null default '0',
			idx bigint not null default '0',
			"document_type" varchar(140),
"field" varchar(140),
"template_file" varchar(140),
"module" varchar(140),
"standard" smallint not null default 0,
"template" text,
"_user_tags" text,
"_comments" text,
"_assign" text,
"_liked_by" text
			)
2025-09-10 18:55:06,100 WARNING database DDL Query made to DB:
create table "tabContact Email" (
			name varchar(140) primary key,
			creation timestamp(6),
			modified timestamp(6),
			modified_by varchar(140),
			owner varchar(140),
			docstatus smallint not null default '0',
			idx bigint not null default '0',
			"email_id" varchar(140),
"is_primary" smallint not null default 0,
parent varchar(140),
parentfield varchar(140),
parenttype varchar(140)
			)
2025-09-10 18:55:06,959 WARNING database DDL Query made to DB:
create table "tabContact Phone" (
			name varchar(140) primary key,
			creation timestamp(6),
			modified timestamp(6),
			modified_by varchar(140),
			owner varchar(140),
			docstatus smallint not null default '0',
			idx bigint not null default '0',
			"phone" varchar(140),
"is_primary_phone" smallint not null default 0,
"is_primary_mobile_no" smallint not null default 0,
parent varchar(140),
parentfield varchar(140),
parenttype varchar(140)
			)
2025-09-10 18:55:07,595 WARNING database DDL Query made to DB:
create table "tabContact" (
			name varchar(140) primary key,
			creation timestamp(6),
			modified timestamp(6),
			modified_by varchar(140),
			owner varchar(140),
			docstatus smallint not null default '0',
			idx bigint not null default '0',
			"first_name" varchar(140),
"middle_name" varchar(140),
"last_name" varchar(140),
"full_name" varchar(140),
"email_id" varchar(140),
"user" varchar(140),
"address" varchar(140),
"sync_with_google_contacts" smallint not null default 0,
"status" varchar(140) default 'Passive',
"salutation" varchar(140),
"designation" varchar(140),
"gender" varchar(140),
"phone" varchar(140),
"mobile_no" varchar(140),
"company_name" varchar(140),
"image" text,
"google_contacts" varchar(140),
"google_contacts_id" varchar(140),
"pulled_from_google_contacts" smallint not null default 0,
"is_primary_contact" smallint not null default 0,
"department" varchar(140),
"unsubscribed" smallint not null default 0,
"_user_tags" text,
"_comments" text,
"_assign" text,
"_liked_by" text
			)
2025-09-10 18:55:07,624 WARNING database DDL Query made to DB:
CREATE INDEX IF NOT EXISTS "email_id" ON "tabContact"("email_id");
2025-09-10 18:55:08,755 WARNING database DDL Query made to DB:
create table "tabAddress Template" (
			name varchar(140) primary key,
			creation timestamp(6),
			modified timestamp(6),
			modified_by varchar(140),
			owner varchar(140),
			docstatus smallint not null default '0',
			idx bigint not null default '0',
			"country" varchar(140) unique,
"is_default" smallint not null default 0,
"template" text,
"_user_tags" text,
"_comments" text,
"_assign" text,
"_liked_by" text
			)
2025-09-10 18:55:08,785 WARNING database DDL Query made to DB:
CREATE INDEX IF NOT EXISTS "country" ON "tabAddress Template"("country");
2025-09-10 18:55:08,978 WARNING database DDL Query made to DB:
create table "tabGender" (
			name varchar(140) primary key,
			creation timestamp(6),
			modified timestamp(6),
			modified_by varchar(140),
			owner varchar(140),
			docstatus smallint not null default '0',
			idx bigint not null default '0',
			"gender" varchar(140) unique,
"_user_tags" text,
"_comments" text,
"_assign" text,
"_liked_by" text
			)
2025-09-10 18:55:09,298 WARNING database DDL Query made to DB:
create table "tabSalutation" (
			name varchar(140) primary key,
			creation timestamp(6),
			modified timestamp(6),
			modified_by varchar(140),
			owner varchar(140),
			docstatus smallint not null default '0',
			idx bigint not null default '0',
			"salutation" varchar(140) unique,
"_user_tags" text,
"_comments" text,
"_assign" text,
"_liked_by" text
			)
2025-09-10 18:55:09,622 WARNING database DDL Query made to DB:
create table "tabAddress" (
			name varchar(140) primary key,
			creation timestamp(6),
			modified timestamp(6),
			modified_by varchar(140),
			owner varchar(140),
			docstatus smallint not null default '0',
			idx bigint not null default '0',
			"address_title" varchar(140),
"address_type" varchar(140),
"address_line1" varchar(240),
"address_line2" varchar(240),
"city" varchar(140),
"county" varchar(140),
"state" varchar(140),
"country" varchar(140),
"pincode" varchar(140),
"email_id" varchar(140),
"phone" varchar(140),
"fax" varchar(140),
"is_primary_address" smallint not null default 0,
"is_shipping_address" smallint not null default 0,
"disabled" smallint not null default 0,
"_user_tags" text,
"_comments" text,
"_assign" text,
"_liked_by" text
			)
2025-09-10 18:55:09,651 WARNING database DDL Query made to DB:
CREATE INDEX IF NOT EXISTS "city" ON "tabAddress"("city");CREATE INDEX IF NOT EXISTS "country" ON "tabAddress"("country");CREATE INDEX IF NOT EXISTS "pincode" ON "tabAddress"("pincode");
2025-09-10 18:55:10,009 WARNING database DDL Query made to DB:
create table "tabReview Level" (
			name varchar(140) primary key,
			creation timestamp(6),
			modified timestamp(6),
			modified_by varchar(140),
			owner varchar(140),
			docstatus smallint not null default '0',
			idx bigint not null default '0',
			"level_name" varchar(140) unique,
"role" varchar(140) unique,
"review_points" bigint not null default 0,
parent varchar(140),
parentfield varchar(140),
parenttype varchar(140)
			)
2025-09-10 18:55:10,655 WARNING database DDL Query made to DB:
create table "tabEnergy Point Rule" (
			name varchar(140) primary key,
			creation timestamp(6),
			modified timestamp(6),
			modified_by varchar(140),
			owner varchar(140),
			docstatus smallint not null default '0',
			idx bigint not null default '0',
			"enabled" smallint not null default 1,
"rule_name" varchar(140) unique,
"reference_doctype" varchar(140),
"for_doc_event" varchar(140) default 'Custom',
"field_to_check" varchar(140),
"points" bigint not null default 0,
"for_assigned_users" smallint not null default 0,
"user_field" varchar(140),
"multiplier_field" varchar(140),
"max_points" bigint not null default 0,
"apply_only_once" smallint not null default 0,
"condition" text,
"_user_tags" text,
"_comments" text,
"_assign" text,
"_liked_by" text
			)
2025-09-10 18:55:10,865 WARNING database DDL Query made to DB:
create table "tabEnergy Point Log" (
			name varchar(140) primary key,
			creation timestamp(6),
			modified timestamp(6),
			modified_by varchar(140),
			owner varchar(140),
			docstatus smallint not null default '0',
			idx bigint not null default '0',
			"user" varchar(140),
"type" varchar(140),
"points" bigint not null default 0,
"rule" varchar(140),
"reference_doctype" varchar(140),
"reference_name" varchar(140),
"reverted" smallint not null default 0,
"revert_of" varchar(140),
"reason" text,
"seen" smallint not null default 0,
"_user_tags" text,
"_comments" text,
"_assign" text,
"_liked_by" text
			)
2025-09-10 18:55:10,868 WARNING database DDL Query made to DB:
CREATE INDEX IF NOT EXISTS "user" ON "tabEnergy Point Log"("user");CREATE INDEX IF NOT EXISTS "reference_name" ON "tabEnergy Point Log"("reference_name");
2025-09-10 18:55:11,238 WARNING database DDL Query made to DB:
create table "tabAuto Repeat" (
			name varchar(140) primary key,
			creation timestamp(6),
			modified timestamp(6),
			modified_by varchar(140),
			owner varchar(140),
			docstatus smallint not null default '0',
			idx bigint not null default '0',
			"reference_doctype" varchar(140),
"reference_document" varchar(140),
"submit_on_creation" smallint not null default 0,
"start_date" date,
"end_date" date,
"disabled" smallint not null default 0,
"frequency" varchar(140),
"repeat_on_day" bigint not null default 0,
"repeat_on_last_day" smallint not null default 0,
"next_schedule_date" date,
"notify_by_email" smallint not null default 0,
"recipients" text,
"template" varchar(140),
"subject" varchar(140),
"message" text default 'Please find attached {{ doc.doctype }} #{{ doc.name }}',
"print_format" varchar(140),
"status" varchar(140),
"_user_tags" text,
"_comments" text,
"_assign" text,
"_liked_by" text
			)
2025-09-10 18:55:11,257 WARNING database DDL Query made to DB:
CREATE INDEX IF NOT EXISTS "next_schedule_date" ON "tabAuto Repeat"("next_schedule_date");
2025-09-10 18:55:11,918 WARNING database DDL Query made to DB:
create table "tabMilestone Tracker" (
			name varchar(140) primary key,
			creation timestamp(6),
			modified timestamp(6),
			modified_by varchar(140),
			owner varchar(140),
			docstatus smallint not null default '0',
			idx bigint not null default '0',
			"document_type" varchar(140) unique,
"track_field" varchar(140),
"disabled" smallint not null default 0,
"_user_tags" text,
"_comments" text,
"_assign" text,
"_liked_by" text
			)
2025-09-10 18:55:12,372 WARNING database DDL Query made to DB:
create table "tabAssignment Rule" (
			name varchar(140) primary key,
			creation timestamp(6),
			modified timestamp(6),
			modified_by varchar(140),
			owner varchar(140),
			docstatus smallint not null default '0',
			idx bigint not null default '0',
			"document_type" varchar(140),
"due_date_based_on" varchar(140),
"priority" bigint not null default 0,
"disabled" smallint not null default 0,
"description" text default 'Automatic Assignment',
"assign_condition" text,
"unassign_condition" text,
"close_condition" text,
"rule" varchar(140),
"field" varchar(140),
"last_user" varchar(140),
"_user_tags" text,
"_comments" text,
"_assign" text,
"_liked_by" text
			)
2025-09-10 18:55:12,655 WARNING database DDL Query made to DB:
create table "tabReminder" (
			name varchar(140) primary key,
			creation timestamp(6),
			modified timestamp(6),
			modified_by varchar(140),
			owner varchar(140),
			docstatus smallint not null default '0',
			idx bigint not null default '0',
			"user" varchar(140),
"remind_at" timestamp,
"description" text,
"reminder_doctype" varchar(140),
"reminder_docname" varchar(140),
"notified" smallint not null default 0,
"_user_tags" text,
"_comments" text,
"_assign" text,
"_liked_by" text
			)
2025-09-10 18:55:12,674 WARNING database DDL Query made to DB:
CREATE INDEX IF NOT EXISTS "user" ON "tabReminder"("user");CREATE INDEX IF NOT EXISTS "remind_at" ON "tabReminder"("remind_at");
2025-09-10 18:55:12,977 WARNING database DDL Query made to DB:
create table "tabAssignment Rule Day" (
			name varchar(140) primary key,
			creation timestamp(6),
			modified timestamp(6),
			modified_by varchar(140),
			owner varchar(140),
			docstatus smallint not null default '0',
			idx bigint not null default '0',
			"day" varchar(140),
parent varchar(140),
parentfield varchar(140),
parenttype varchar(140)
			)
2025-09-10 18:55:13,215 WARNING database DDL Query made to DB:
create table "tabAssignment Rule User" (
			name varchar(140) primary key,
			creation timestamp(6),
			modified timestamp(6),
			modified_by varchar(140),
			owner varchar(140),
			docstatus smallint not null default '0',
			idx bigint not null default '0',
			"user" varchar(140),
parent varchar(140),
parentfield varchar(140),
parenttype varchar(140)
			)
2025-09-10 18:55:13,442 WARNING database DDL Query made to DB:
create table "tabMilestone" (
			name varchar(140) primary key,
			creation timestamp(6),
			modified timestamp(6),
			modified_by varchar(140),
			owner varchar(140),
			docstatus smallint not null default '0',
			idx bigint not null default '0',
			"reference_type" varchar(140),
"reference_name" varchar(140),
"track_field" varchar(140),
"value" varchar(140),
"milestone_tracker" varchar(140),
"_user_tags" text,
"_comments" text,
"_assign" text,
"_liked_by" text
			)
2025-09-10 18:55:13,461 WARNING database DDL Query made to DB:
CREATE INDEX IF NOT EXISTS "reference_type" ON "tabMilestone"("reference_type");
2025-09-10 18:55:13,506 WARNING database DDL Query made to DB:
CREATE INDEX IF NOT EXISTS "reference_type_reference_name_index" ON "tabMilestone" ("reference_type", "reference_name")
2025-09-10 18:55:13,707 WARNING database DDL Query made to DB:
create table "tabAuto Repeat Day" (
			name varchar(140) primary key,
			creation timestamp(6),
			modified timestamp(6),
			modified_by varchar(140),
			owner varchar(140),
			docstatus smallint not null default '0',
			idx bigint not null default '0',
			"day" varchar(140),
parent varchar(140),
parentfield varchar(140),
parenttype varchar(140)
			)
2025-09-10 19:02:59,045 WARNING database DDL Query made to DB:
create table "tabPrice List" (
			name varchar(140) primary key,
			creation timestamp(6),
			modified timestamp(6),
			modified_by varchar(140),
			owner varchar(140),
			docstatus smallint not null default '0',
			idx bigint not null default '0',
			"price_list_name" varchar(140) unique,
"currency" varchar(140) default 'INR',
"buying" smallint not null default 0,
"selling" smallint not null default 0,
"enabled" smallint not null default 1,
"_user_tags" text,
"_comments" text,
"_assign" text,
"_liked_by" text
			)
2025-09-10 19:02:59,994 WARNING database DDL Query made to DB:
create table "tabPurchase Receipt" (
			name varchar(140) primary key,
			creation timestamp(6),
			modified timestamp(6),
			modified_by varchar(140),
			owner varchar(140),
			docstatus smallint not null default '0',
			idx bigint not null default '0',
			"naming_series" varchar(140) default 'PR-.YYYY.-.MM.-.#####',
"supplier" varchar(140),
"supplier_name" varchar(140),
"receipt_date" date,
"purchase_order" varchar(140),
"posting_time" time(6),
"total_amount" decimal(21,9) not null default 0,
"remarks" text,
"_user_tags" text,
"_comments" text,
"_assign" text,
"_liked_by" text
			)
2025-09-10 19:03:00,267 WARNING database DDL Query made to DB:
create table "tabUOM" (
			name varchar(140) primary key,
			creation timestamp(6),
			modified timestamp(6),
			modified_by varchar(140),
			owner varchar(140),
			docstatus smallint not null default '0',
			idx bigint not null default '0',
			"uom_name" varchar(140) unique,
"uom_abbreviation" varchar(140),
"description" text,
"_user_tags" text,
"_comments" text,
"_assign" text,
"_liked_by" text
			)
2025-09-10 19:03:00,443 WARNING database DDL Query made to DB:
create table "tabItem Barcode" (
			name varchar(140) primary key,
			creation timestamp(6),
			modified timestamp(6),
			modified_by varchar(140),
			owner varchar(140),
			docstatus smallint not null default '0',
			idx bigint not null default '0',
			"barcode" varchar(140),
"barcode_type" varchar(140) default 'EAN',
parent varchar(140),
parentfield varchar(140),
parenttype varchar(140)
			)
2025-09-10 19:03:00,780 WARNING database DDL Query made to DB:
create table "tabDelivery Note" (
			name varchar(140) primary key,
			creation timestamp(6),
			modified timestamp(6),
			modified_by varchar(140),
			owner varchar(140),
			docstatus smallint not null default '0',
			idx bigint not null default '0',
			"naming_series" varchar(140) default 'DN-.YYYY.-.MM.-.#####',
"customer" varchar(140),
"customer_name" varchar(140),
"delivery_date" date,
"sales_order" varchar(140),
"posting_time" time(6),
"total_amount" decimal(21,9) not null default 0,
"remarks" text,
"_user_tags" text,
"_comments" text,
"_assign" text,
"_liked_by" text
			)
2025-09-10 19:03:01,108 WARNING database DDL Query made to DB:
create table "tabStock Entry" (
			name varchar(140) primary key,
			creation timestamp(6),
			modified timestamp(6),
			modified_by varchar(140),
			owner varchar(140),
			docstatus smallint not null default '0',
			idx bigint not null default '0',
			"naming_series" varchar(140) default 'STE-.YYYY.-.MM.-.#####',
"entry_type" varchar(140),
"date" date,
"status" varchar(140) default 'Draft',
"reference_document" varchar(140),
"source_warehouse" varchar(140),
"target_warehouse" varchar(140),
"item_group" varchar(140),
"total_amount" decimal(21,9) not null default 0,
"remarks" text,
"_user_tags" text,
"_comments" text,
"_assign" text,
"_liked_by" text
			)
2025-09-10 19:03:01,357 WARNING database DDL Query made to DB:
create table "tabStock Ledger Entry" (
			name varchar(140) primary key,
			creation timestamp(6),
			modified timestamp(6),
			modified_by varchar(140),
			owner varchar(140),
			docstatus smallint not null default '0',
			idx bigint not null default '0',
			"item" varchar(140),
"warehouse" varchar(140),
"posting_date" date,
"posting_time" time(6),
"voucher_type" varchar(140),
"voucher_no" varchar(140),
"voucher_detail_no" varchar(140),
"batch_no" varchar(140),
"actual_qty" decimal(21,9) not null default 0,
"valuation_rate" decimal(21,9) not null default 0,
"stock_value_difference" decimal(21,9) not null default 0,
"company" varchar(140),
"fiscal_year" varchar(140),
"is_cancelled" smallint not null default 0,
"_user_tags" text,
"_comments" text,
"_assign" text,
"_liked_by" text
			)
2025-09-10 19:03:01,776 WARNING database DDL Query made to DB:
create table "tabPurchase Receipt Item" (
			name varchar(140) primary key,
			creation timestamp(6),
			modified timestamp(6),
			modified_by varchar(140),
			owner varchar(140),
			docstatus smallint not null default '0',
			idx bigint not null default '0',
			"item" varchar(140),
"item_name" varchar(140),
"quantity" decimal(21,9) not null default 0,
"rate" decimal(21,9) not null default 0,
"amount" decimal(21,9) not null default 0,
"uom" varchar(140),
"has_batch" smallint not null default 0,
"batch" varchar(140),
"purchase_receipt" varchar(140),
"purchase_order" varchar(140),
parent varchar(140),
parentfield varchar(140),
parenttype varchar(140)
			)
2025-09-10 19:03:02,585 WARNING database DDL Query made to DB:
create table "tabBatch" (
			name varchar(140) primary key,
			creation timestamp(6),
			modified timestamp(6),
			modified_by varchar(140),
			owner varchar(140),
			docstatus smallint not null default '0',
			idx bigint not null default '0',
			"batch_id" varchar(140) unique,
"item" varchar(140),
"item_name" varchar(140),
"manufacturing_date" date,
"expiry_date" date,
"has_expired" smallint not null default 0,
"supplier" varchar(140),
"supplier_batch_id" varchar(140),
"cost" decimal(21,9) not null default 0,
"_user_tags" text,
"_comments" text,
"_assign" text,
"_liked_by" text
			)
2025-09-10 19:03:02,854 WARNING database DDL Query made to DB:
create table "tabPrice List Item" (
			name varchar(140) primary key,
			creation timestamp(6),
			modified timestamp(6),
			modified_by varchar(140),
			owner varchar(140),
			docstatus smallint not null default '0',
			idx bigint not null default '0',
			"item" varchar(140),
"item_name" varchar(140),
"rate" decimal(21,9) not null default 0,
"price_list" varchar(140),
parent varchar(140),
parentfield varchar(140),
parenttype varchar(140)
			)
2025-09-10 19:03:03,027 WARNING database DDL Query made to DB:
create table "tabtest" (
			name varchar(140) primary key,
			creation timestamp(6),
			modified timestamp(6),
			modified_by varchar(140),
			owner varchar(140),
			docstatus smallint not null default '0',
			idx bigint not null default '0',
			"autocomplete_rdvx" varchar(140),
"_user_tags" text,
"_comments" text,
"_assign" text,
"_liked_by" text
			)
2025-09-10 19:03:03,221 WARNING database DDL Query made to DB:
create table "tabSupplier" (
			name varchar(140) primary key,
			creation timestamp(6),
			modified timestamp(6),
			modified_by varchar(140),
			owner varchar(140),
			docstatus smallint not null default '0',
			idx bigint not null default '0',
			"supplier_name" varchar(140) unique,
"supplier_type" varchar(140),
"tax_id" varchar(140),
"status" varchar(140) default 'Active',
"contact_person" varchar(140),
"contact_number" varchar(140),
"email" varchar(140),
"address" text,
"payment_terms" text,
"_user_tags" text,
"_comments" text,
"_assign" text,
"_liked_by" text
			)
2025-09-10 19:03:03,716 WARNING database DDL Query made to DB:
create table "tabItem" (
			name varchar(140) primary key,
			creation timestamp(6),
			modified timestamp(6),
			modified_by varchar(140),
			owner varchar(140),
			docstatus smallint not null default '0',
			idx bigint not null default '0',
			"item_code" varchar(140) unique,
"item_name" varchar(140),
"description" text,
"item_image" text,
"item_group" varchar(140),
"brand_name" varchar(140),
"item_type" varchar(140),
"unit_of_measurement" varchar(140),
"country_of_origin" varchar(140),
"disabled" smallint not null default 0,
"default_warehouse" varchar(140),
"minimum_stock_level" decimal(21,9) not null default 0,
"reorder_level" decimal(21,9) not null default 0,
"batch_tracking" smallint not null default 0,
"expiry_date_tracking" smallint not null default 0,
"standard_rate" decimal(21,9) not null default 0,
"is_sales_item" smallint not null default 1,
"valuation_rate" decimal(21,9) not null default 0,
"last_purchase_rate" decimal(21,9) not null default 0,
"_user_tags" text,
"_comments" text,
"_assign" text,
"_liked_by" text
			)
2025-09-10 19:03:03,945 WARNING database DDL Query made to DB:
create table "tabSales Order Item" (
			name varchar(140) primary key,
			creation timestamp(6),
			modified timestamp(6),
			modified_by varchar(140),
			owner varchar(140),
			docstatus smallint not null default '0',
			idx bigint not null default '0',
			"item" varchar(140),
"item_name" varchar(140),
"quantity" decimal(21,9) not null default 0,
"rate" decimal(21,9) not null default 0,
"amount" decimal(21,9) not null default 0,
"uom" varchar(140),
"sales_order" varchar(140),
parent varchar(140),
parentfield varchar(140),
parenttype varchar(140)
			)
2025-09-10 19:03:04,228 WARNING database DDL Query made to DB:
create table "tabWilaya" (
			name varchar(140) primary key,
			creation timestamp(6),
			modified timestamp(6),
			modified_by varchar(140),
			owner varchar(140),
			docstatus smallint not null default '0',
			idx bigint not null default '0',
			"wilaya_name" varchar(140) unique,
"wilaya_code" varchar(140) unique,
"description" text,
"_user_tags" text,
"_comments" text,
"_assign" text,
"_liked_by" text
			)
2025-09-10 19:03:04,712 WARNING database DDL Query made to DB:
create table "tabItem Price" (
			name varchar(140) primary key,
			creation timestamp(6),
			modified timestamp(6),
			modified_by varchar(140),
			owner varchar(140),
			docstatus smallint not null default '0',
			idx bigint not null default '0',
			"buying" smallint not null default 0,
"selling" smallint not null default 0,
"enabled" smallint not null default 1,
"is_default_price" smallint not null default 0,
"currency" varchar(140) default 'INR',
"item_code" varchar(140),
"item_name" varchar(140),
"uom" varchar(140),
"brand_name" varchar(140),
"item_description" text,
"customer" varchar(140),
"supplier" varchar(140),
"price_list_rate" decimal(21,9) not null default 0,
"valid_from" date,
"valid_upto" date,
"_user_tags" text,
"_comments" text,
"_assign" text,
"_liked_by" text
			)
2025-09-10 19:03:04,937 WARNING database DDL Query made to DB:
create table "tabItem Group" (
			name varchar(140) primary key,
			creation timestamp(6),
			modified timestamp(6),
			modified_by varchar(140),
			owner varchar(140),
			docstatus smallint not null default '0',
			idx bigint not null default '0',
			"group_name" varchar(140) unique,
"description" text,
"_user_tags" text,
"_comments" text,
"_assign" text,
"_liked_by" text
			)
2025-09-10 19:03:05,284 WARNING database DDL Query made to DB:
create table "tabCommune" (
			name varchar(140) primary key,
			creation timestamp(6),
			modified timestamp(6),
			modified_by varchar(140),
			owner varchar(140),
			docstatus smallint not null default '0',
			idx bigint not null default '0',
			"commune_name" varchar(140) unique,
"commune_code" varchar(140),
"wilaya" varchar(140),
"description" text,
"_user_tags" text,
"_comments" text,
"_assign" text,
"_liked_by" text
			)
2025-09-10 19:03:05,626 WARNING database DDL Query made to DB:
create table "tabStock Entry Item" (
			name varchar(140) primary key,
			creation timestamp(6),
			modified timestamp(6),
			modified_by varchar(140),
			owner varchar(140),
			docstatus smallint not null default '0',
			idx bigint not null default '0',
			"item" varchar(140),
"item_name" varchar(140),
"quantity" decimal(21,9) not null default 0,
"uom" varchar(140),
"has_batch" smallint not null default 0,
"rate" decimal(21,9) not null default 0,
"amount" decimal(21,9) not null default 0,
"batch" varchar(140),
"serial_no" text,
"stock_entry" varchar(140),
parent varchar(140),
parentfield varchar(140),
parenttype varchar(140)
			)
2025-09-10 19:03:05,961 WARNING database DDL Query made to DB:
create table "tabItem Group Item" (
			name varchar(140) primary key,
			creation timestamp(6),
			modified timestamp(6),
			modified_by varchar(140),
			owner varchar(140),
			docstatus smallint not null default '0',
			idx bigint not null default '0',
			"item" varchar(140),
"item_name" varchar(140),
"default_quantity" decimal(21,9) not null default 1.0,
"default_rate" decimal(21,9) not null default 0,
parent varchar(140),
parentfield varchar(140),
parenttype varchar(140)
			)
2025-09-10 19:03:06,125 WARNING database DDL Query made to DB:
create table "tabproduit" (
			name varchar(140) primary key,
			creation timestamp(6),
			modified timestamp(6),
			modified_by varchar(140),
			owner varchar(140),
			docstatus smallint not null default '0',
			idx bigint not null default '0',
			"code" varchar(140),
"designation" varchar(140),
"_user_tags" text,
"_comments" text,
"_assign" text,
"_liked_by" text
			)
2025-09-10 19:03:06,349 WARNING database DDL Query made to DB:
create table "tabPurchase Order Item" (
			name varchar(140) primary key,
			creation timestamp(6),
			modified timestamp(6),
			modified_by varchar(140),
			owner varchar(140),
			docstatus smallint not null default '0',
			idx bigint not null default '0',
			"item" varchar(140),
"item_name" varchar(140),
"quantity" decimal(21,9) not null default 0,
"rate" decimal(21,9) not null default 0,
"amount" decimal(21,9) not null default 0,
"uom" varchar(140),
"purchase_order" varchar(140),
parent varchar(140),
parentfield varchar(140),
parenttype varchar(140)
			)
2025-09-10 19:03:06,750 WARNING database DDL Query made to DB:
create table "tabWarehouse" (
			name varchar(140) primary key,
			creation timestamp(6),
			modified timestamp(6),
			modified_by varchar(140),
			owner varchar(140),
			docstatus smallint not null default '0',
			idx bigint not null default '0',
			"warehouse_name" varchar(140) unique,
"warehouse_code" varchar(140) unique,
"warehouse_type" varchar(140),
"address" text,
"is_active" smallint not null default 1,
"_user_tags" text,
"_comments" text,
"_assign" text,
"_liked_by" text
			)
2025-09-10 19:03:07,144 WARNING database DDL Query made to DB:
create table "tabManufacturing Order" (
			name varchar(140) primary key,
			creation timestamp(6),
			modified timestamp(6),
			modified_by varchar(140),
			owner varchar(140),
			docstatus smallint not null default '0',
			idx bigint not null default '0',
			"naming_series" varchar(140) default 'MO-.YYYY.-.MM.-.#####',
"item_to_manufacture" varchar(140),
"quantity" decimal(21,9) not null default 0,
"bom_reference" varchar(140),
"status" varchar(140) default 'Draft',
"planned_start_date" date,
"planned_end_date" date,
"actual_end_date" date,
"target_warehouse" varchar(140),
"notes" text,
"_user_tags" text,
"_comments" text,
"_assign" text,
"_liked_by" text
			)
2025-09-10 19:03:07,737 WARNING database DDL Query made to DB:
create table "tabCustomer" (
			name varchar(140) primary key,
			creation timestamp(6),
			modified timestamp(6),
			modified_by varchar(140),
			owner varchar(140),
			docstatus smallint not null default '0',
			idx bigint not null default '0',
			"customer_name" varchar(140) unique,
"customer_type" varchar(140),
"status" varchar(140) default 'Active',
"image" text,
"contact_person" varchar(140),
"contact_number" varchar(140),
"email" varchar(140),
"wilaya" varchar(140),
"commune" varchar(140),
"address" text,
"payment_terms" text,
"notes" text,
"_user_tags" text,
"_comments" text,
"_assign" text,
"_liked_by" text
			)
2025-09-10 19:03:08,188 WARNING database DDL Query made to DB:
create table "tabSales Order" (
			name varchar(140) primary key,
			creation timestamp(6),
			modified timestamp(6),
			modified_by varchar(140),
			owner varchar(140),
			docstatus smallint not null default '0',
			idx bigint not null default '0',
			"naming_series" varchar(140) default 'SO-.YYYY.-.MM.-.#####',
"customer" varchar(140),
"customer_name" varchar(140),
"customer_type" varchar(140),
"order_date" date,
"status" varchar(140) default 'Draft',
"expected_delivery_date" date,
"total_amount" decimal(21,9) not null default 0,
"remarks" text,
"_user_tags" text,
"_comments" text,
"_assign" text,
"_liked_by" text
			)
2025-09-10 19:03:08,388 WARNING database DDL Query made to DB:
create table "tabPurchase Order" (
			name varchar(140) primary key,
			creation timestamp(6),
			modified timestamp(6),
			modified_by varchar(140),
			owner varchar(140),
			docstatus smallint not null default '0',
			idx bigint not null default '0',
			"naming_series" varchar(140) default 'PO-.YYYY.-.MM.-.#####',
"supplier" varchar(140),
"supplier_name" varchar(140),
"order_date" date,
"status" varchar(140) default 'Draft',
"expected_delivery_date" date,
"total_amount" decimal(21,9) not null default 0,
"remarks" text,
"_user_tags" text,
"_comments" text,
"_assign" text,
"_liked_by" text
			)
2025-09-10 19:03:08,802 WARNING database DDL Query made to DB:
create table "tabDelivery Note Item" (
			name varchar(140) primary key,
			creation timestamp(6),
			modified timestamp(6),
			modified_by varchar(140),
			owner varchar(140),
			docstatus smallint not null default '0',
			idx bigint not null default '0',
			"item" varchar(140),
"item_name" varchar(140),
"quantity" decimal(21,9) not null default 0,
"rate" decimal(21,9) not null default 0,
"amount" decimal(21,9) not null default 0,
"uom" varchar(140),
"batch" varchar(140),
"delivery_note" varchar(140),
"sales_order" varchar(140),
parent varchar(140),
parentfield varchar(140),
parenttype varchar(140)
			)
2025-09-10 19:03:09,952 WARNING database DDL Query made to DB:
create table "tabPOS Invoice Payment" (
			name varchar(140) primary key,
			creation timestamp(6),
			modified timestamp(6),
			modified_by varchar(140),
			owner varchar(140),
			docstatus smallint not null default '0',
			idx bigint not null default '0',
			"payment_method" varchar(140),
"amount" decimal(21,9) not null default 0,
"reference_no" varchar(140),
parent varchar(140),
parentfield varchar(140),
parenttype varchar(140)
			)
2025-09-10 19:03:10,280 WARNING database DDL Query made to DB:
create table "tabPOS Profile" (
			name varchar(140) primary key,
			creation timestamp(6),
			modified timestamp(6),
			modified_by varchar(140),
			owner varchar(140),
			docstatus smallint not null default '0',
			idx bigint not null default '0',
			"profile_name" varchar(140) unique,
"company_name" varchar(140),
"warehouse_name" varchar(140),
"currency" varchar(140) default 'DZD',
"is_default" smallint not null default 0,
"validate_stock_on_save" smallint not null default 1,
"allow_negative_stock" smallint not null default 0,
"print_format" varchar(140),
"letter_head" varchar(140),
"_user_tags" text,
"_comments" text,
"_assign" text,
"_liked_by" text
			)
2025-09-10 19:03:10,563 WARNING database DDL Query made to DB:
create table "tabPOS Client Transaction" (
			name varchar(140) primary key,
			creation timestamp(6),
			modified timestamp(6),
			modified_by varchar(140),
			owner varchar(140),
			docstatus smallint not null default '0',
			idx bigint not null default '0',
			"naming_series" varchar(140) default 'PCT-.YYYY.-',
"client" varchar(140),
"transaction_date" timestamp,
"transaction_type" varchar(140),
"amount" decimal(21,9) not null default 0,
"balance_after" decimal(21,9) not null default 0,
"reference_document" varchar(140),
"notes" text,
"_user_tags" text,
"_comments" text,
"_assign" text,
"_liked_by" text
			)
2025-09-10 19:03:10,915 WARNING database DDL Query made to DB:
create table "tabPOS Session" (
			name varchar(140) primary key,
			creation timestamp(6),
			modified timestamp(6),
			modified_by varchar(140),
			owner varchar(140),
			docstatus smallint not null default '0',
			idx bigint not null default '0',
			"naming_series" varchar(140) default 'POS-SESS-.YYYY.-.MM.-.DD.-',
"pos_profile" varchar(140),
"pos_user" varchar(140),
"period_start_date" date,
"period_end_date" date,
"status" varchar(140) default 'Opening',
"opening_time" timestamp,
"closing_time" timestamp,
"opening_amount" decimal(21,9) not null default 0,
"total_quantity" decimal(21,9) not null default 0,
"closing_amount" decimal(21,9) not null default 0,
"net_total" decimal(21,9) not null default 0,
"grand_total" decimal(21,9) not null default 0,
"total_cost" decimal(21,9) not null default 0,
"total_profit" decimal(21,9) not null default 0,
"profit_margin_percent" decimal(21,9) not null default 0,
"_user_tags" text,
"_comments" text,
"_assign" text,
"_liked_by" text
			)
2025-09-10 19:03:11,288 WARNING database DDL Query made to DB:
create table "tabPOS Invoice Item" (
			name varchar(140) primary key,
			creation timestamp(6),
			modified timestamp(6),
			modified_by varchar(140),
			owner varchar(140),
			docstatus smallint not null default '0',
			idx bigint not null default '0',
			"item_code" varchar(140),
"item_name" varchar(140),
"qty" decimal(21,9) not null default 0,
"rate" decimal(21,9) not null default 0,
"amount" decimal(21,9) not null default 0,
"cost_price" decimal(21,9) not null default 0,
"profit_amount" decimal(21,9) not null default 0,
"profit_margin_percent" decimal(21,9) not null default 0,
parent varchar(140),
parentfield varchar(140),
parenttype varchar(140)
			)
2025-09-10 19:03:11,738 WARNING database DDL Query made to DB:
create table "tabPOS Client" (
			name varchar(140) primary key,
			creation timestamp(6),
			modified timestamp(6),
			modified_by varchar(140),
			owner varchar(140),
			docstatus smallint not null default '0',
			idx bigint not null default '0',
			"client_code" varchar(140) unique,
"first_name" varchar(140),
"last_name" varchar(140),
"full_name" varchar(140),
"phone" varchar(140),
"email" varchar(140),
"status" varchar(140) default 'Active',
"address_line_1" varchar(140),
"address_line_2" varchar(140),
"city" varchar(140),
"state" varchar(140),
"postal_code" varchar(140),
"country" varchar(140) default 'Algeria',
"allow_credit" smallint not null default 0,
"credit_limit" decimal(21,9) not null default 0,
"current_balance" decimal(21,9) not null default 0,
"last_transaction_date" timestamp,
"_user_tags" text,
"_comments" text,
"_assign" text,
"_liked_by" text
			)
2025-09-10 19:03:12,097 WARNING database DDL Query made to DB:
create table "tabPOS Shortcut" (
			name varchar(140) primary key,
			creation timestamp(6),
			modified timestamp(6),
			modified_by varchar(140),
			owner varchar(140),
			docstatus smallint not null default '0',
			idx bigint not null default '0',
			"shortcut_name" varchar(140),
"shortcut_type" varchar(140),
"shortcut_key" varchar(140),
"item_code" varchar(140),
"item_name" varchar(140),
"action_type" varchar(140),
"is_active" smallint not null default 1,
"_user_tags" text,
"_comments" text,
"_assign" text,
"_liked_by" text
			)
2025-09-10 19:03:11,204 WARNING database DDL Query made to DB:
create table "tabPOS Payment Method" (
			name varchar(140) primary key,
			creation timestamp(6),
			modified timestamp(6),
			modified_by varchar(140),
			owner varchar(140),
			docstatus smallint not null default '0',
			idx bigint not null default '0',
			"payment_method" varchar(140),
"is_default" smallint not null default 0,
"allow_in_returns" smallint not null default 1,
"account_name" varchar(140),
parent varchar(140),
parentfield varchar(140),
parenttype varchar(140)
			)
2025-09-10 19:03:11,558 WARNING database DDL Query made to DB:
create table "tabPOS Invoice" (
			name varchar(140) primary key,
			creation timestamp(6),
			modified timestamp(6),
			modified_by varchar(140),
			owner varchar(140),
			docstatus smallint not null default '0',
			idx bigint not null default '0',
			"naming_series" varchar(140) default 'POS-INV-.YYYY.-.MM.-.DD.-.####',
"pos_profile" varchar(140),
"pos_session" varchar(140),
"customer" varchar(140) default 'Walk-in Customer',
"posting_date" date,
"posting_time" time(6),
"company" varchar(140),
"warehouse" varchar(140),
"currency" varchar(140) default 'DZD',
"conversion_rate" decimal(21,9) not null default 1.0,
"total_qty" decimal(21,9) not null default 0,
"net_total" decimal(21,9) not null default 0,
"grand_total" decimal(21,9) not null default 0,
"rounded_total" decimal(21,9) not null default 0,
"rounding_adjustment" decimal(21,9) not null default 0,
"total_cost" decimal(21,9) not null default 0,
"total_profit" decimal(21,9) not null default 0,
"profit_margin_percent" decimal(21,9) not null default 0,
"paid_amount" decimal(21,9) not null default 0,
"change_amount" decimal(21,9) not null default 0,
"status" varchar(140) default 'Draft',
"remarks" text,
"is_return" smallint not null default 0,
"_user_tags" text,
"_comments" text,
"_assign" text,
"_liked_by" text
			)
2025-09-10 19:03:11,722 WARNING database DDL Query made to DB:
create table "tabPOS Session Payment" (
			name varchar(140) primary key,
			creation timestamp(6),
			modified timestamp(6),
			modified_by varchar(140),
			owner varchar(140),
			docstatus smallint not null default '0',
			idx bigint not null default '0',
			"payment_method" varchar(140),
"expected_amount" decimal(21,9) not null default 0,
"actual_amount" decimal(21,9) not null default 0,
"difference" decimal(21,9) not null default 0,
parent varchar(140),
parentfield varchar(140),
parenttype varchar(140)
			)
2025-09-12 10:32:16,303 WARNING database DDL Query made to DB:
create table "tabCategory" (
			name varchar(140) primary key,
			creation timestamp(6),
			modified timestamp(6),
			modified_by varchar(140),
			owner varchar(140),
			docstatus smallint not null default '0',
			idx bigint not null default '0',
			"_user_tags" text,
"_comments" text,
"_assign" text,
"_liked_by" text
			)
2025-09-13 10:30:37,548 WARNING database DDL Query made to DB:
ALTER TABLE "tabCategory" ADD COLUMN "category_name" varchar(140) unique, ADD COLUMN "descreption" text
2025-09-13 10:30:37,582 WARNING database DDL Query made to DB:
CREATE UNIQUE INDEX IF NOT EXISTS "unique_category_name" ON "tabCategory"("category_name");
2025-09-13 11:13:55,667 WARNING database DDL Query made to DB:
ALTER TABLE "tabItem" ADD COLUMN "category" varchar(140), ALTER COLUMN "minimum_stock_level" TYPE decimal(21,9) , ALTER COLUMN "reorder_level" TYPE decimal(21,9) , ALTER COLUMN "standard_rate" TYPE decimal(21,9) , ALTER COLUMN "valuation_rate" TYPE decimal(21,9) , ALTER COLUMN "last_purchase_rate" TYPE decimal(21,9)
2025-09-20 20:09:56,707 WARNING database DDL Query made to DB:
alter table "tabDocType" add column if not exists migration_hash varchar(140)
2025-09-20 20:10:01,873 WARNING database DDL Query made to DB:
ALTER TABLE "tabItem" ALTER COLUMN "minimum_stock_level" TYPE decimal(21,9) , ALTER COLUMN "reorder_level" TYPE decimal(21,9) , ALTER COLUMN "standard_rate" TYPE decimal(21,9) , ALTER COLUMN "valuation_rate" TYPE decimal(21,9) , ALTER COLUMN "last_purchase_rate" TYPE decimal(21,9)
