set -o pipefail; /usr/bin/pg_dump postgresql://_a0b4cadeccaf1ac3:**********@127.0.0.1:5432/_a0b4cadeccaf1ac3 | /usr/bin/gzip >> ./market.localhost/private/backups/20250910_230006-market_localhost-database.sql.gz

Backup Summary for market.localhost at 2025-09-10 23:00:09.706266
Config  : ./market.localhost/private/backups/20250910_230006-market_localhost-site_config_backup.json 95.0B
Database: ./market.localhost/private/backups/20250910_230006-market_localhost-database.sql.gz         257.3KiB
Backup for Site market.localhost has been successfully completed
set -o pipefail; /usr/bin/pg_dump postgresql://_a0b4cadeccaf1ac3:**********@127.0.0.1:5432/_a0b4cadeccaf1ac3 | /usr/bin/gzip >> ./market.localhost/private/backups/20250911_110004-market_localhost-database.sql.gz

Backup Summary for market.localhost at 2025-09-11 11:00:05.803769
Config  : ./market.localhost/private/backups/20250911_110004-market_localhost-site_config_backup.json 95.0B
Database: ./market.localhost/private/backups/20250911_110004-market_localhost-database.sql.gz         257.3KiB
Backup for Site market.localhost has been successfully completed
set -o pipefail; /usr/bin/pg_dump postgresql://_a0b4cadeccaf1ac3:**********@127.0.0.1:5432/_a0b4cadeccaf1ac3 | /usr/bin/gzip >> ./market.localhost/private/backups/20250911_170005-market_localhost-database.sql.gz

Backup Summary for market.localhost at 2025-09-11 17:00:08.704628
Config  : ./market.localhost/private/backups/20250911_170005-market_localhost-site_config_backup.json 95.0B
Database: ./market.localhost/private/backups/20250911_170005-market_localhost-database.sql.gz         257.3KiB
Backup for Site market.localhost has been successfully completed
set -o pipefail; /usr/bin/pg_dump postgresql://_a0b4cadeccaf1ac3:**********@127.0.0.1:5432/_a0b4cadeccaf1ac3 | /usr/bin/gzip >> ./market.localhost/private/backups/20250911_230008-market_localhost-database.sql.gz

Backup Summary for market.localhost at 2025-09-11 23:00:10.958168
Config  : ./market.localhost/private/backups/20250911_230008-market_localhost-site_config_backup.json 95.0B
Database: ./market.localhost/private/backups/20250911_230008-market_localhost-database.sql.gz         265.3KiB
Backup for Site market.localhost has been successfully completed
set -o pipefail; /usr/bin/pg_dump postgresql://_a0b4cadeccaf1ac3:**********@127.0.0.1:5432/_a0b4cadeccaf1ac3 | /usr/bin/gzip >> ./market.localhost/private/backups/20250913_110005-market_localhost-database.sql.gz

Backup Summary for market.localhost at 2025-09-13 11:00:08.037272
Config  : ./market.localhost/private/backups/20250913_110005-market_localhost-site_config_backup.json 95.0B
Database: ./market.localhost/private/backups/20250913_110005-market_localhost-database.sql.gz         274.1KiB
Backup for Site market.localhost has been successfully completed
set -o pipefail; /usr/bin/pg_dump postgresql://_a0b4cadeccaf1ac3:**********@127.0.0.1:5432/_a0b4cadeccaf1ac3 | /usr/bin/gzip >> ./market.localhost/private/backups/20250914_110003-market_localhost-database.sql.gz

Backup Summary for market.localhost at 2025-09-14 11:00:06.214059
Config  : ./market.localhost/private/backups/20250914_110003-market_localhost-site_config_backup.json 95.0B
Database: ./market.localhost/private/backups/20250914_110003-market_localhost-database.sql.gz         284.0KiB
Backup for Site market.localhost has been successfully completed
set -o pipefail; /usr/bin/pg_dump postgresql://_a0b4cadeccaf1ac3:**********@127.0.0.1:5432/_a0b4cadeccaf1ac3 | /usr/bin/gzip >> ./market.localhost/private/backups/20250915_110004-market_localhost-database.sql.gz

Backup Summary for market.localhost at 2025-09-15 11:00:06.420941
Config  : ./market.localhost/private/backups/20250915_110004-market_localhost-site_config_backup.json 95.0B
Database: ./market.localhost/private/backups/20250915_110004-market_localhost-database.sql.gz         293.4KiB
Backup for Site market.localhost has been successfully completed
set -o pipefail; /usr/bin/pg_dump postgresql://_a0b4cadeccaf1ac3:**********@127.0.0.1:5432/_a0b4cadeccaf1ac3 | /usr/bin/gzip >> ./market.localhost/private/backups/20250916_110005-market_localhost-database.sql.gz

Backup Summary for market.localhost at 2025-09-16 11:00:06.973111
Config  : ./market.localhost/private/backups/20250916_110005-market_localhost-site_config_backup.json 95.0B
Database: ./market.localhost/private/backups/20250916_110005-market_localhost-database.sql.gz         298.0KiB
Backup for Site market.localhost has been successfully completed
set -o pipefail; /usr/bin/pg_dump postgresql://_a0b4cadeccaf1ac3:**********@127.0.0.1:5432/_a0b4cadeccaf1ac3 | /usr/bin/gzip >> ./market.localhost/private/backups/20250916_230008-market_localhost-database.sql.gz

Backup Summary for market.localhost at 2025-09-16 23:00:15.343849
Config  : ./market.localhost/private/backups/20250916_230008-market_localhost-site_config_backup.json 95.0B
Database: ./market.localhost/private/backups/20250916_230008-market_localhost-database.sql.gz         301.9KiB
Backup for Site market.localhost has been successfully completed
set -o pipefail; /usr/bin/pg_dump postgresql://_a0b4cadeccaf1ac3:**********@127.0.0.1:5432/_a0b4cadeccaf1ac3 | /usr/bin/gzip >> ./market.localhost/private/backups/20250917_110006-market_localhost-database.sql.gz

Backup Summary for market.localhost at 2025-09-17 11:00:09.057193
Config  : ./market.localhost/private/backups/20250917_110006-market_localhost-site_config_backup.json 95.0B
Database: ./market.localhost/private/backups/20250917_110006-market_localhost-database.sql.gz         305.2KiB
Backup for Site market.localhost has been successfully completed
set -o pipefail; /usr/bin/pg_dump postgresql://_a0b4cadeccaf1ac3:**********@127.0.0.1:5432/_a0b4cadeccaf1ac3 | /usr/bin/gzip >> ./market.localhost/private/backups/20250918_110018-market_localhost-database.sql.gz

Backup Summary for market.localhost at 2025-09-18 11:00:26.833630
Config  : ./market.localhost/private/backups/20250918_110018-market_localhost-site_config_backup.json 95.0B
Database: ./market.localhost/private/backups/20250918_110018-market_localhost-database.sql.gz         306.0KiB
Backup for Site market.localhost has been successfully completed
set -o pipefail; /usr/bin/pg_dump postgresql://_a0b4cadeccaf1ac3:**********@127.0.0.1:5432/_a0b4cadeccaf1ac3 | /usr/bin/gzip >> ./market.localhost/private/backups/20250921_230006-market_localhost-database.sql.gz

Backup Summary for market.localhost at 2025-09-21 23:00:26.602622
Config  : ./market.localhost/private/backups/20250921_230006-market_localhost-site_config_backup.json 95.0B
Database: ./market.localhost/private/backups/20250921_230006-market_localhost-database.sql.gz         305.5KiB
Backup for Site market.localhost has been successfully completed
set -o pipefail; /usr/bin/pg_dump postgresql://_a0b4cadeccaf1ac3:**********@127.0.0.1:5432/_a0b4cadeccaf1ac3 | /usr/bin/gzip >> ./market.localhost/private/backups/20250922_110006-market_localhost-database.sql.gz

Backup Summary for market.localhost at 2025-09-22 11:00:08.832644
Config  : ./market.localhost/private/backups/20250922_110006-market_localhost-site_config_backup.json 95.0B
Database: ./market.localhost/private/backups/20250922_110006-market_localhost-database.sql.gz         299.0KiB
Backup for Site market.localhost has been successfully completed
set -o pipefail; /usr/bin/pg_dump postgresql://_a0b4cadeccaf1ac3:**********@127.0.0.1:5432/_a0b4cadeccaf1ac3 | /usr/bin/gzip >> ./market.localhost/private/backups/20250922_231556-market_localhost-database.sql.gz

Backup Summary for market.localhost at 2025-09-22 23:16:11.750169
Config  : ./market.localhost/private/backups/20250922_231556-market_localhost-site_config_backup.json 95.0B
Database: ./market.localhost/private/backups/20250922_231556-market_localhost-database.sql.gz         304.2KiB
Backup for Site market.localhost has been successfully completed
set -o pipefail; /usr/bin/pg_dump postgresql://_a0b4cadeccaf1ac3:**********@127.0.0.1:5432/_a0b4cadeccaf1ac3 | /usr/bin/gzip >> ./market.localhost/private/backups/20250923_110356-market_localhost-database.sql.gz

Backup Summary for market.localhost at 2025-09-23 11:28:43.081078
Config  : ./market.localhost/private/backups/20250923_110356-market_localhost-site_config_backup.json 95.0B
Database: ./market.localhost/private/backups/20250923_110356-market_localhost-database.sql.gz         300.9KiB
Backup for Site market.localhost has been successfully completed
set -o pipefail; /usr/bin/pg_dump postgresql://_a0b4cadeccaf1ac3:**********@127.0.0.1:5432/_a0b4cadeccaf1ac3 | /usr/bin/gzip >> ./market.localhost/private/backups/20250923_170005-market_localhost-database.sql.gz

Backup Summary for market.localhost at 2025-09-23 17:00:09.418430
Config  : ./market.localhost/private/backups/20250923_170005-market_localhost-site_config_backup.json 95.0B
Database: ./market.localhost/private/backups/20250923_170005-market_localhost-database.sql.gz         305.7KiB
Backup for Site market.localhost has been successfully completed
set -o pipefail; /usr/bin/pg_dump postgresql://_a0b4cadeccaf1ac3:**********@127.0.0.1:5432/_a0b4cadeccaf1ac3 | /usr/bin/gzip >> ./market.localhost/private/backups/20250923_230019-market_localhost-database.sql.gz

Backup Summary for market.localhost at 2025-09-23 23:00:29.502431
Config  : ./market.localhost/private/backups/20250923_230019-market_localhost-site_config_backup.json 95.0B
Database: ./market.localhost/private/backups/20250923_230019-market_localhost-database.sql.gz         309.1KiB
Backup for Site market.localhost has been successfully completed
set -o pipefail; /usr/bin/pg_dump postgresql://_a0b4cadeccaf1ac3:**********@127.0.0.1:5432/_a0b4cadeccaf1ac3 | /usr/bin/gzip >> ./market.localhost/private/backups/20250924_110004-market_localhost-database.sql.gz

Backup Summary for market.localhost at 2025-09-24 11:00:07.037327
Config  : ./market.localhost/private/backups/20250924_110004-market_localhost-site_config_backup.json 95.0B
Database: ./market.localhost/private/backups/20250924_110004-market_localhost-database.sql.gz         304.4KiB
Backup for Site market.localhost has been successfully completed
set -o pipefail; /usr/bin/pg_dump postgresql://_a0b4cadeccaf1ac3:**********@127.0.0.1:5432/_a0b4cadeccaf1ac3 | /usr/bin/gzip >> ./market.localhost/private/backups/20250924_170005-market_localhost-database.sql.gz

Backup Summary for market.localhost at 2025-09-24 17:00:08.556459
Config  : ./market.localhost/private/backups/20250924_170005-market_localhost-site_config_backup.json 95.0B
Database: ./market.localhost/private/backups/20250924_170005-market_localhost-database.sql.gz         306.3KiB
Backup for Site market.localhost has been successfully completed
set -o pipefail; /usr/bin/pg_dump postgresql://_a0b4cadeccaf1ac3:**********@127.0.0.1:5432/_a0b4cadeccaf1ac3 | /usr/bin/gzip >> ./market.localhost/private/backups/20250925_110011-market_localhost-database.sql.gz

Backup Summary for market.localhost at 2025-09-25 11:00:18.783081
Config  : ./market.localhost/private/backups/20250925_110011-market_localhost-site_config_backup.json 95.0B
Database: ./market.localhost/private/backups/20250925_110011-market_localhost-database.sql.gz         306.4KiB
Backup for Site market.localhost has been successfully completed
