2025-09-23 12:26:47,503 ERROR scheduler Skipped queueing frappe.model.utils.user_settings.sync_user_settings because it was found in queue for market.localhost
2025-09-23 12:27:02,313 ERROR scheduler Skipped queueing frappe.website.doctype.web_page.web_page.check_publish_status because it was found in queue for market.localhost
2025-09-23 12:27:07,424 ERROR scheduler Skipped queueing frappe.desk.utils.delete_old_exported_report_files because it was found in queue for market.localhost
2025-09-23 12:27:12,886 ERROR scheduler Skipped queueing frappe.email.doctype.newsletter.newsletter.send_scheduled_email because it was found in queue for market.localhost
2025-09-23 12:28:38,109 ERROR scheduler Skipped queueing frappe.automation.doctype.reminder.reminder.send_reminders because it was found in queue for market.localhost
2025-09-23 12:28:38,342 ERROR scheduler Skipped queueing frappe.email.queue.flush because it was found in queue for market.localhost
2025-09-23 12:28:38,621 ERROR scheduler Skipped queueing frappe.integrations.doctype.google_calendar.google_calendar.sync because it was found in queue for market.localhost
2025-09-23 12:28:39,094 ERROR scheduler Skipped queueing frappe.model.utils.user_settings.sync_user_settings because it was found in queue for market.localhost
2025-09-23 12:28:39,239 ERROR scheduler Skipped queueing frappe.website.doctype.personal_data_deletion_request.personal_data_deletion_request.process_data_deletion_request because it was found in queue for market.localhost
2025-09-23 12:28:39,413 ERROR scheduler Skipped queueing frappe.website.doctype.web_page.web_page.check_publish_status because it was found in queue for market.localhost
2025-09-23 12:28:39,527 ERROR scheduler Skipped queueing frappe.desk.page.backups.backups.delete_downloadable_backups because it was found in queue for market.localhost
2025-09-23 12:28:39,583 ERROR scheduler Skipped queueing frappe.desk.utils.delete_old_exported_report_files because it was found in queue for market.localhost
2025-09-23 12:28:39,986 ERROR scheduler Skipped queueing frappe.email.doctype.email_account.email_account.pull because it was found in queue for market.localhost
2025-09-23 12:28:40,011 ERROR scheduler Skipped queueing frappe.email.doctype.newsletter.newsletter.send_scheduled_email because it was found in queue for market.localhost
2025-09-23 12:28:40,036 ERROR scheduler Skipped queueing frappe.core.doctype.prepared_report.prepared_report.expire_stalled_report because it was found in queue for market.localhost
2025-09-23 12:28:40,064 ERROR scheduler Skipped queueing frappe.utils.global_search.sync_global_search because it was found in queue for market.localhost
2025-09-23 12:28:40,081 ERROR scheduler Skipped queueing frappe.oauth.delete_oauth2_data because it was found in queue for market.localhost
2025-09-23 12:28:40,126 ERROR scheduler Skipped queueing frappe.twofactor.delete_all_barcodes_for_users because it was found in queue for market.localhost
2025-09-23 12:28:40,163 ERROR scheduler Skipped queueing frappe.email.queue.retry_sending_emails because it was found in queue for market.localhost
2025-09-23 12:28:40,292 ERROR scheduler Skipped queueing frappe.desk.form.document_follow.send_hourly_updates because it was found in queue for market.localhost
2025-09-23 12:29:40,510 ERROR scheduler Skipped queueing frappe.desk.form.document_follow.send_hourly_updates because it was found in queue for market.localhost
2025-09-23 12:29:40,523 ERROR scheduler Skipped queueing frappe.model.utils.user_settings.sync_user_settings because it was found in queue for market.localhost
2025-09-23 12:29:40,532 ERROR scheduler Skipped queueing frappe.core.doctype.prepared_report.prepared_report.expire_stalled_report because it was found in queue for market.localhost
2025-09-23 12:29:40,558 ERROR scheduler Skipped queueing frappe.desk.page.backups.backups.delete_downloadable_backups because it was found in queue for market.localhost
2025-09-23 12:29:40,577 ERROR scheduler Skipped queueing frappe.oauth.delete_oauth2_data because it was found in queue for market.localhost
2025-09-23 12:29:40,746 ERROR scheduler Skipped queueing frappe.website.doctype.web_page.web_page.check_publish_status because it was found in queue for market.localhost
2025-09-23 13:16:21,887 ERROR scheduler Skipped queueing frappe.email.doctype.email_account.email_account.pull because it was found in queue for market.localhost
2025-09-23 13:18:53,137 ERROR scheduler Skipped queueing frappe.deferred_insert.save_to_db because it was found in queue for market.localhost
2025-09-23 13:20:22,305 ERROR scheduler Skipped queueing frappe.email.queue.flush because it was found in queue for market.localhost
2025-09-23 13:20:23,196 ERROR scheduler Skipped queueing frappe.utils.global_search.sync_global_search because it was found in queue for market.localhost
2025-09-23 13:20:28,363 ERROR scheduler Skipped queueing frappe.model.utils.link_count.update_link_count because it was found in queue for market.localhost
2025-09-23 13:21:17,584 ERROR scheduler Skipped queueing frappe.email.doctype.email_account.email_account.notify_unreplied because it was found in queue for market.localhost
2025-09-23 13:21:28,319 ERROR scheduler Skipped queueing frappe.automation.doctype.reminder.reminder.send_reminders because it was found in queue for market.localhost
2025-09-23 20:23:41,843 ERROR scheduler Skipped queueing frappe.email.queue.retry_sending_emails because it was found in queue for market.localhost
2025-09-23 20:23:42,667 ERROR scheduler Skipped queueing frappe.email.queue.flush because it was found in queue for market.localhost
2025-09-23 20:23:47,362 ERROR scheduler Skipped queueing frappe.monitor.flush because it was found in queue for market.localhost
2025-09-23 20:24:51,520 ERROR scheduler Skipped queueing frappe.monitor.flush because it was found in queue for market.localhost
2025-09-23 20:29:30,815 ERROR scheduler Skipped queueing frappe.monitor.flush because it was found in queue for market.localhost
2025-09-23 20:29:31,558 ERROR scheduler Skipped queueing frappe.email.queue.flush because it was found in queue for market.localhost
2025-09-23 20:29:31,689 ERROR scheduler Skipped queueing frappe.integrations.doctype.google_calendar.google_calendar.sync because it was found in queue for market.localhost
2025-09-23 20:29:32,531 ERROR scheduler Skipped queueing frappe.email.queue.retry_sending_emails because it was found in queue for market.localhost
2025-09-23 20:30:40,150 ERROR scheduler Skipped queueing frappe.integrations.doctype.google_calendar.google_calendar.sync because it was found in queue for market.localhost
2025-09-23 20:30:40,866 ERROR scheduler Skipped queueing frappe.email.doctype.email_account.email_account.pull because it was found in queue for market.localhost
2025-09-23 20:30:41,447 ERROR scheduler Skipped queueing frappe.email.queue.flush because it was found in queue for market.localhost
2025-09-23 20:30:41,621 ERROR scheduler Skipped queueing frappe.email.queue.retry_sending_emails because it was found in queue for market.localhost
2025-09-23 20:31:41,965 ERROR scheduler Skipped queueing frappe.utils.global_search.sync_global_search because it was found in queue for market.localhost
2025-09-23 20:31:42,047 ERROR scheduler Skipped queueing frappe.email.doctype.email_account.email_account.pull because it was found in queue for market.localhost
2025-09-23 20:31:42,498 ERROR scheduler Skipped queueing frappe.deferred_insert.save_to_db because it was found in queue for market.localhost
2025-09-23 20:32:43,395 ERROR scheduler Skipped queueing frappe.email.doctype.email_account.email_account.pull because it was found in queue for market.localhost
2025-09-23 22:29:05,034 ERROR scheduler Skipped queueing frappe.monitor.flush because it was found in queue for market.localhost
2025-09-23 22:29:05,700 ERROR scheduler Skipped queueing frappe.email.queue.retry_sending_emails because it was found in queue for market.localhost
2025-09-24 10:52:50,319 ERROR scheduler Skipped queueing frappe.website.doctype.web_page.web_page.check_publish_status because it was found in queue for market.localhost
2025-09-24 10:52:50,355 ERROR scheduler Skipped queueing frappe.desk.form.document_follow.send_hourly_updates because it was found in queue for market.localhost
2025-09-24 10:52:50,366 ERROR scheduler Skipped queueing frappe.oauth.delete_oauth2_data because it was found in queue for market.localhost
2025-09-24 10:52:50,375 ERROR scheduler Skipped queueing frappe.model.utils.user_settings.sync_user_settings because it was found in queue for market.localhost
2025-09-24 10:52:50,390 ERROR scheduler Skipped queueing frappe.desk.notifications.clear_notifications because it was found in queue for market.localhost
2025-09-24 10:52:50,402 ERROR scheduler Skipped queueing frappe.integrations.doctype.google_contacts.google_contacts.sync because it was found in queue for market.localhost
2025-09-24 10:52:50,436 ERROR scheduler Skipped queueing frappe.core.doctype.user_invitation.user_invitation.mark_expired_invitations because it was found in queue for market.localhost
2025-09-24 10:52:50,446 ERROR scheduler Skipped queueing frappe.automation.doctype.auto_repeat.auto_repeat.make_auto_repeat_entry because it was found in queue for market.localhost
2025-09-24 10:52:50,473 ERROR scheduler Skipped queueing frappe.sessions.clear_expired_sessions because it was found in queue for market.localhost
2025-09-24 10:52:50,481 ERROR scheduler Skipped queueing frappe.core.doctype.log_settings.log_settings.run_log_clean_up because it was found in queue for market.localhost
2025-09-24 10:52:50,492 ERROR scheduler Skipped queueing frappe.integrations.doctype.s3_backup_settings.s3_backup_settings.take_backups_daily because it was found in queue for market.localhost
2025-09-24 10:52:50,506 ERROR scheduler Skipped queueing frappe.core.doctype.prepared_report.prepared_report.expire_stalled_report because it was found in queue for market.localhost
2025-09-24 10:52:50,524 ERROR scheduler Skipped queueing frappe.website.doctype.personal_data_deletion_request.personal_data_deletion_request.remove_unverified_record because it was found in queue for market.localhost
2025-09-24 10:52:50,546 ERROR scheduler Skipped queueing frappe.twofactor.delete_all_barcodes_for_users because it was found in queue for market.localhost
2025-09-24 10:52:50,567 ERROR scheduler Skipped queueing frappe.integrations.doctype.google_drive.google_drive.daily_backup because it was found in queue for market.localhost
2025-09-24 10:52:50,611 ERROR scheduler Skipped queueing frappe.email.queue.retry_sending_emails because it was found in queue for market.localhost
2025-09-24 10:52:50,636 ERROR scheduler Skipped queueing frappe.model.utils.link_count.update_link_count because it was found in queue for market.localhost
2025-09-24 10:52:50,644 ERROR scheduler Skipped queueing frappe.email.doctype.auto_email_report.auto_email_report.send_daily because it was found in queue for market.localhost
2025-09-24 10:52:50,662 ERROR scheduler Skipped queueing frappe.desk.page.backups.backups.delete_downloadable_backups because it was found in queue for market.localhost
2025-09-24 10:52:50,670 ERROR scheduler Skipped queueing frappe.desk.utils.delete_old_exported_report_files because it was found in queue for market.localhost
2025-09-24 10:52:50,685 ERROR scheduler Skipped queueing frappe.social.doctype.energy_point_settings.energy_point_settings.allocate_review_points because it was found in queue for market.localhost
2025-09-24 10:52:50,689 ERROR scheduler Skipped queueing frappe.integrations.doctype.dropbox_settings.dropbox_settings.take_backups_daily because it was found in queue for market.localhost
2025-09-24 12:54:43,129 ERROR scheduler Skipped queueing frappe.email.queue.flush because it was found in queue for market.localhost
2025-09-24 12:54:43,233 ERROR scheduler Skipped queueing frappe.email.queue.retry_sending_emails because it was found in queue for market.localhost
2025-09-24 12:54:43,303 ERROR scheduler Skipped queueing frappe.email.doctype.email_account.email_account.pull because it was found in queue for market.localhost
2025-09-25 12:12:22,097 ERROR scheduler Skipped queueing frappe.sessions.clear_expired_sessions because it was found in queue for market.localhost
2025-09-25 12:12:22,274 ERROR scheduler Skipped queueing frappe.core.doctype.user_invitation.user_invitation.mark_expired_invitations because it was found in queue for market.localhost
2025-09-25 12:12:22,290 ERROR scheduler Skipped queueing frappe.email.queue.retry_sending_emails because it was found in queue for market.localhost
2025-09-25 12:12:22,304 ERROR scheduler Skipped queueing frappe.integrations.doctype.dropbox_settings.dropbox_settings.take_backups_daily because it was found in queue for market.localhost
2025-09-25 12:12:22,321 ERROR scheduler Skipped queueing frappe.social.doctype.energy_point_settings.energy_point_settings.allocate_review_points because it was found in queue for market.localhost
2025-09-25 12:12:22,332 ERROR scheduler Skipped queueing frappe.email.doctype.notification.notification.trigger_daily_alerts because it was found in queue for market.localhost
2025-09-25 12:12:22,352 ERROR scheduler Skipped queueing frappe.email.queue.flush because it was found in queue for market.localhost
2025-09-25 12:12:22,367 ERROR scheduler Skipped queueing frappe.core.doctype.log_settings.log_settings.run_log_clean_up because it was found in queue for market.localhost
2025-09-25 12:12:22,380 ERROR scheduler Skipped queueing frappe.model.utils.user_settings.sync_user_settings because it was found in queue for market.localhost
2025-09-25 12:12:22,400 ERROR scheduler Skipped queueing frappe.email.doctype.email_account.email_account.notify_unreplied because it was found in queue for market.localhost
2025-09-25 12:12:22,428 ERROR scheduler Skipped queueing frappe.monitor.flush because it was found in queue for market.localhost
2025-09-25 12:12:22,443 ERROR scheduler Skipped queueing frappe.desk.page.backups.backups.delete_downloadable_backups because it was found in queue for market.localhost
2025-09-25 12:12:22,476 ERROR scheduler Skipped queueing frappe.model.utils.link_count.update_link_count because it was found in queue for market.localhost
2025-09-25 12:12:22,524 ERROR scheduler Skipped queueing frappe.integrations.doctype.google_calendar.google_calendar.sync because it was found in queue for market.localhost
2025-09-25 12:12:22,650 ERROR scheduler Skipped queueing frappe.oauth.delete_oauth2_data because it was found in queue for market.localhost
2025-09-25 12:12:22,741 ERROR scheduler Skipped queueing frappe.website.doctype.personal_data_deletion_request.personal_data_deletion_request.process_data_deletion_request because it was found in queue for market.localhost
2025-09-25 12:12:22,962 ERROR scheduler Skipped queueing frappe.integrations.doctype.s3_backup_settings.s3_backup_settings.take_backups_daily because it was found in queue for market.localhost
2025-09-25 12:12:23,039 ERROR scheduler Skipped queueing frappe.deferred_insert.save_to_db because it was found in queue for market.localhost
2025-09-25 12:12:23,096 ERROR scheduler Skipped queueing frappe.core.doctype.prepared_report.prepared_report.expire_stalled_report because it was found in queue for market.localhost
2025-09-25 12:12:23,162 ERROR scheduler Skipped queueing frappe.twofactor.delete_all_barcodes_for_users because it was found in queue for market.localhost
2025-09-25 12:12:23,257 ERROR scheduler Skipped queueing frappe.website.doctype.web_page.web_page.check_publish_status because it was found in queue for market.localhost
2025-09-25 12:12:23,351 ERROR scheduler Skipped queueing frappe.desk.utils.delete_old_exported_report_files because it was found in queue for market.localhost
2025-09-25 12:12:23,377 ERROR scheduler Skipped queueing frappe.utils.global_search.sync_global_search because it was found in queue for market.localhost
2025-09-25 12:12:23,401 ERROR scheduler Skipped queueing frappe.integrations.doctype.google_contacts.google_contacts.sync because it was found in queue for market.localhost
2025-09-25 12:12:23,430 ERROR scheduler Skipped queueing frappe.email.doctype.email_account.email_account.pull because it was found in queue for market.localhost
2025-09-25 12:12:23,445 ERROR scheduler Skipped queueing frappe.integrations.doctype.google_drive.google_drive.daily_backup because it was found in queue for market.localhost
2025-09-25 12:12:23,474 ERROR scheduler Skipped queueing frappe.desk.form.document_follow.send_hourly_updates because it was found in queue for market.localhost
2025-09-25 12:12:23,514 ERROR scheduler Skipped queueing frappe.automation.doctype.auto_repeat.auto_repeat.make_auto_repeat_entry because it was found in queue for market.localhost
2025-09-25 12:12:23,562 ERROR scheduler Skipped queueing frappe.desk.notifications.clear_notifications because it was found in queue for market.localhost
2025-09-25 12:12:23,660 ERROR scheduler Skipped queueing frappe.website.doctype.personal_data_deletion_request.personal_data_deletion_request.remove_unverified_record because it was found in queue for market.localhost
2025-09-25 12:12:23,949 ERROR scheduler Skipped queueing frappe.desk.doctype.event.event.send_event_digest because it was found in queue for market.localhost
2025-09-25 12:12:24,085 ERROR scheduler Skipped queueing frappe.desk.form.document_follow.send_daily_updates because it was found in queue for market.localhost
2025-09-25 12:12:24,281 ERROR scheduler Skipped queueing frappe.automation.doctype.reminder.reminder.send_reminders because it was found in queue for market.localhost
2025-09-25 12:12:24,311 ERROR scheduler Skipped queueing frappe.email.doctype.newsletter.newsletter.send_scheduled_email because it was found in queue for market.localhost
2025-09-25 12:13:24,712 ERROR scheduler Skipped queueing frappe.desk.form.document_follow.send_hourly_updates because it was found in queue for market.localhost
2025-09-25 12:13:24,734 ERROR scheduler Skipped queueing frappe.integrations.doctype.google_drive.google_drive.daily_backup because it was found in queue for market.localhost
2025-09-25 12:13:24,759 ERROR scheduler Skipped queueing frappe.core.doctype.prepared_report.prepared_report.expire_stalled_report because it was found in queue for market.localhost
2025-09-25 12:13:24,811 ERROR scheduler Skipped queueing frappe.website.doctype.web_page.web_page.check_publish_status because it was found in queue for market.localhost
2025-09-25 12:13:24,875 ERROR scheduler Skipped queueing frappe.model.utils.user_settings.sync_user_settings because it was found in queue for market.localhost
2025-09-25 12:13:24,950 ERROR scheduler Skipped queueing frappe.desk.utils.delete_old_exported_report_files because it was found in queue for market.localhost
2025-09-25 12:13:25,146 ERROR scheduler Skipped queueing frappe.oauth.delete_oauth2_data because it was found in queue for market.localhost
2025-09-25 12:13:25,299 ERROR scheduler Skipped queueing frappe.core.doctype.log_settings.log_settings.run_log_clean_up because it was found in queue for market.localhost
2025-09-25 12:13:25,390 ERROR scheduler Skipped queueing frappe.core.doctype.user_invitation.user_invitation.mark_expired_invitations because it was found in queue for market.localhost
2025-09-25 12:13:25,794 ERROR scheduler Skipped queueing frappe.desk.page.backups.backups.delete_downloadable_backups because it was found in queue for market.localhost
2025-09-25 12:13:26,773 ERROR scheduler Skipped queueing frappe.social.doctype.energy_point_settings.energy_point_settings.allocate_review_points because it was found in queue for market.localhost
2025-09-25 12:13:26,882 ERROR scheduler Skipped queueing frappe.website.doctype.personal_data_deletion_request.personal_data_deletion_request.remove_unverified_record because it was found in queue for market.localhost
2025-09-25 12:13:26,991 ERROR scheduler Skipped queueing frappe.integrations.doctype.dropbox_settings.dropbox_settings.take_backups_daily because it was found in queue for market.localhost
2025-09-25 12:13:27,030 ERROR scheduler Skipped queueing frappe.automation.doctype.auto_repeat.auto_repeat.make_auto_repeat_entry because it was found in queue for market.localhost
2025-09-25 12:13:27,111 ERROR scheduler Skipped queueing frappe.twofactor.delete_all_barcodes_for_users because it was found in queue for market.localhost
2025-09-25 12:13:27,203 ERROR scheduler Skipped queueing frappe.integrations.doctype.s3_backup_settings.s3_backup_settings.take_backups_daily because it was found in queue for market.localhost
2025-09-25 12:13:27,238 ERROR scheduler Skipped queueing frappe.sessions.clear_expired_sessions because it was found in queue for market.localhost
2025-09-25 12:14:27,312 ERROR scheduler Skipped queueing frappe.integrations.doctype.s3_backup_settings.s3_backup_settings.take_backups_daily because it was found in queue for market.localhost
2025-09-25 12:14:27,371 ERROR scheduler Skipped queueing frappe.core.doctype.user_invitation.user_invitation.mark_expired_invitations because it was found in queue for market.localhost
2025-09-25 12:14:27,378 ERROR scheduler Skipped queueing frappe.model.utils.user_settings.sync_user_settings because it was found in queue for market.localhost
2025-09-25 12:14:27,418 ERROR scheduler Skipped queueing frappe.desk.form.document_follow.send_hourly_updates because it was found in queue for market.localhost
2025-09-25 12:14:27,475 ERROR scheduler Skipped queueing frappe.website.doctype.personal_data_deletion_request.personal_data_deletion_request.remove_unverified_record because it was found in queue for market.localhost
2025-09-25 12:14:27,518 ERROR scheduler Skipped queueing frappe.sessions.clear_expired_sessions because it was found in queue for market.localhost
2025-09-25 12:14:27,539 ERROR scheduler Skipped queueing frappe.automation.doctype.auto_repeat.auto_repeat.make_auto_repeat_entry because it was found in queue for market.localhost
2025-09-25 12:14:27,578 ERROR scheduler Skipped queueing frappe.oauth.delete_oauth2_data because it was found in queue for market.localhost
2025-09-25 14:55:30,692 ERROR scheduler Skipped queueing frappe.oauth.delete_oauth2_data because it was found in queue for market.localhost
2025-09-25 14:55:30,792 ERROR scheduler Skipped queueing frappe.website.doctype.personal_data_deletion_request.personal_data_deletion_request.process_data_deletion_request because it was found in queue for market.localhost
2025-09-25 14:55:30,798 ERROR scheduler Skipped queueing frappe.desk.utils.delete_old_exported_report_files because it was found in queue for market.localhost
2025-09-25 14:55:30,815 ERROR scheduler Skipped queueing frappe.desk.page.backups.backups.delete_downloadable_backups because it was found in queue for market.localhost
2025-09-25 14:55:30,903 ERROR scheduler Skipped queueing frappe.email.queue.retry_sending_emails because it was found in queue for market.localhost
2025-09-25 14:55:30,907 ERROR scheduler Skipped queueing frappe.core.doctype.prepared_report.prepared_report.expire_stalled_report because it was found in queue for market.localhost
2025-09-25 14:55:30,940 ERROR scheduler Skipped queueing frappe.deferred_insert.save_to_db because it was found in queue for market.localhost
2025-09-25 14:55:30,959 ERROR scheduler Skipped queueing frappe.email.doctype.newsletter.newsletter.send_scheduled_email because it was found in queue for market.localhost
2025-09-25 14:55:30,970 ERROR scheduler Skipped queueing frappe.desk.form.document_follow.send_hourly_updates because it was found in queue for market.localhost
2025-09-25 14:55:30,982 ERROR scheduler Skipped queueing frappe.model.utils.user_settings.sync_user_settings because it was found in queue for market.localhost
2025-09-25 14:55:30,999 ERROR scheduler Skipped queueing frappe.twofactor.delete_all_barcodes_for_users because it was found in queue for market.localhost
2025-09-25 14:55:31,042 ERROR scheduler Skipped queueing frappe.website.doctype.web_page.web_page.check_publish_status because it was found in queue for market.localhost
2025-09-25 15:00:01,041 ERROR scheduler Skipped queueing frappe.integrations.doctype.google_calendar.google_calendar.sync because it was found in queue for market.localhost
2025-09-25 15:00:01,796 ERROR scheduler Skipped queueing frappe.email.queue.flush because it was found in queue for market.localhost
2025-09-25 15:02:22,864 ERROR scheduler Skipped queueing frappe.desk.form.document_follow.send_hourly_updates because it was found in queue for market.localhost
2025-09-25 15:02:41,198 ERROR scheduler Skipped queueing frappe.model.utils.user_settings.sync_user_settings because it was found in queue for market.localhost
2025-09-25 15:02:57,376 ERROR scheduler Skipped queueing frappe.website.doctype.personal_data_deletion_request.personal_data_deletion_request.process_data_deletion_request because it was found in queue for market.localhost
2025-09-25 15:02:57,443 ERROR scheduler Skipped queueing frappe.oauth.delete_oauth2_data because it was found in queue for market.localhost
2025-09-25 15:02:56,623 ERROR scheduler Skipped queueing frappe.desk.page.backups.backups.delete_downloadable_backups because it was found in queue for market.localhost
2025-09-25 15:02:56,692 ERROR scheduler Skipped queueing frappe.core.doctype.prepared_report.prepared_report.expire_stalled_report because it was found in queue for market.localhost
2025-09-25 15:02:56,701 ERROR scheduler Skipped queueing frappe.twofactor.delete_all_barcodes_for_users because it was found in queue for market.localhost
